#! /usr/bin/vvp
:ivl_version "10.3 (stable)";
:ivl_delay_selection "TYPICAL";
:vpi_time_precision - 12;
:vpi_module "system";
:vpi_module "vhdl_sys";
:vpi_module "v2005_math";
:vpi_module "va_math";
S_0x55e7da1858d0 .scope module, "and_64bit_tb" "and_64bit_tb" 2 4;
 .timescale -9 -12;
v0x55e7da1b2ae0_0 .var/s "a", 63 0;
v0x55e7da1b2bd0_0 .var/s "b", 63 0;
v0x55e7da1b2ca0_0 .net/s "out", 63 0, L_0x55e7da1c2cd0;  1 drivers
S_0x55e7da185530 .scope module, "DUT" "and_64bit" 2 11, 3 3 0, S_0x55e7da1858d0;
 .timescale -9 -12;
    .port_info 0 /OUTPUT 64 "out"
    .port_info 1 /INPUT 64 "a"
    .port_info 2 /INPUT 64 "b"
v0x55e7da1b27b0_0 .net/s "a", 63 0, v0x55e7da1b2ae0_0;  1 drivers
v0x55e7da1b2890_0 .net/s "b", 63 0, v0x55e7da1b2bd0_0;  1 drivers
v0x55e7da1b2970_0 .net/s "out", 63 0, L_0x55e7da1c2cd0;  alias, 1 drivers
L_0x55e7da1b2da0 .part v0x55e7da1b2ae0_0, 0, 1;
L_0x55e7da1b2ec0 .part v0x55e7da1b2bd0_0, 0, 1;
L_0x55e7da1b2fb0 .part v0x55e7da1b2ae0_0, 1, 1;
L_0x55e7da1b3050 .part v0x55e7da1b2bd0_0, 1, 1;
L_0x55e7da1b3150 .part v0x55e7da1b2ae0_0, 2, 1;
L_0x55e7da1b3220 .part v0x55e7da1b2bd0_0, 2, 1;
L_0x55e7da1b33c0 .part v0x55e7da1b2ae0_0, 3, 1;
L_0x55e7da1b3460 .part v0x55e7da1b2bd0_0, 3, 1;
L_0x55e7da1b3580 .part v0x55e7da1b2ae0_0, 4, 1;
L_0x55e7da1b3650 .part v0x55e7da1b2bd0_0, 4, 1;
L_0x55e7da1b3780 .part v0x55e7da1b2ae0_0, 5, 1;
L_0x55e7da1b3850 .part v0x55e7da1b2bd0_0, 5, 1;
L_0x55e7da1b3990 .part v0x55e7da1b2ae0_0, 6, 1;
L_0x55e7da1b3a60 .part v0x55e7da1b2bd0_0, 6, 1;
L_0x55e7da1b3cc0 .part v0x55e7da1b2ae0_0, 7, 1;
L_0x55e7da1b3d90 .part v0x55e7da1b2bd0_0, 7, 1;
L_0x55e7da1b3ef0 .part v0x55e7da1b2ae0_0, 8, 1;
L_0x55e7da1b3fc0 .part v0x55e7da1b2bd0_0, 8, 1;
L_0x55e7da1b4130 .part v0x55e7da1b2ae0_0, 9, 1;
L_0x55e7da1b4200 .part v0x55e7da1b2bd0_0, 9, 1;
L_0x55e7da1b4090 .part v0x55e7da1b2ae0_0, 10, 1;
L_0x55e7da1b43b0 .part v0x55e7da1b2bd0_0, 10, 1;
L_0x55e7da1b4540 .part v0x55e7da1b2ae0_0, 11, 1;
L_0x55e7da1b4610 .part v0x55e7da1b2bd0_0, 11, 1;
L_0x55e7da1b47b0 .part v0x55e7da1b2ae0_0, 12, 1;
L_0x55e7da1b4880 .part v0x55e7da1b2bd0_0, 12, 1;
L_0x55e7da1b4a30 .part v0x55e7da1b2ae0_0, 13, 1;
L_0x55e7da1b4b00 .part v0x55e7da1b2bd0_0, 13, 1;
L_0x55e7da1b4cc0 .part v0x55e7da1b2ae0_0, 14, 1;
L_0x55e7da1b4fa0 .part v0x55e7da1b2bd0_0, 14, 1;
L_0x55e7da1b5380 .part v0x55e7da1b2ae0_0, 15, 1;
L_0x55e7da1b5450 .part v0x55e7da1b2bd0_0, 15, 1;
L_0x55e7da1b5630 .part v0x55e7da1b2ae0_0, 16, 1;
L_0x55e7da1b5700 .part v0x55e7da1b2bd0_0, 16, 1;
L_0x55e7da1b58f0 .part v0x55e7da1b2ae0_0, 17, 1;
L_0x55e7da1b59c0 .part v0x55e7da1b2bd0_0, 17, 1;
L_0x55e7da1b57d0 .part v0x55e7da1b2ae0_0, 18, 1;
L_0x55e7da1b5bc0 .part v0x55e7da1b2bd0_0, 18, 1;
L_0x55e7da1b5da0 .part v0x55e7da1b2ae0_0, 19, 1;
L_0x55e7da1b5e70 .part v0x55e7da1b2bd0_0, 19, 1;
L_0x55e7da1b6090 .part v0x55e7da1b2ae0_0, 20, 1;
L_0x55e7da1b6160 .part v0x55e7da1b2bd0_0, 20, 1;
L_0x55e7da1b6390 .part v0x55e7da1b2ae0_0, 21, 1;
L_0x55e7da1b6460 .part v0x55e7da1b2bd0_0, 21, 1;
L_0x55e7da1b66a0 .part v0x55e7da1b2ae0_0, 22, 1;
L_0x55e7da1b6770 .part v0x55e7da1b2bd0_0, 22, 1;
L_0x55e7da1b69c0 .part v0x55e7da1b2ae0_0, 23, 1;
L_0x55e7da1b6a90 .part v0x55e7da1b2bd0_0, 23, 1;
L_0x55e7da1b6cf0 .part v0x55e7da1b2ae0_0, 24, 1;
L_0x55e7da1b6dc0 .part v0x55e7da1b2bd0_0, 24, 1;
L_0x55e7da1b7030 .part v0x55e7da1b2ae0_0, 25, 1;
L_0x55e7da1b7100 .part v0x55e7da1b2bd0_0, 25, 1;
L_0x55e7da1b7380 .part v0x55e7da1b2ae0_0, 26, 1;
L_0x55e7da1b7450 .part v0x55e7da1b2bd0_0, 26, 1;
L_0x55e7da1b76e0 .part v0x55e7da1b2ae0_0, 27, 1;
L_0x55e7da1b77b0 .part v0x55e7da1b2bd0_0, 27, 1;
L_0x55e7da1b7a50 .part v0x55e7da1b2ae0_0, 28, 1;
L_0x55e7da1b7b20 .part v0x55e7da1b2bd0_0, 28, 1;
L_0x55e7da1b7dd0 .part v0x55e7da1b2ae0_0, 29, 1;
L_0x55e7da1b7ea0 .part v0x55e7da1b2bd0_0, 29, 1;
L_0x55e7da1b8160 .part v0x55e7da1b2ae0_0, 30, 1;
L_0x55e7da1b8640 .part v0x55e7da1b2bd0_0, 30, 1;
L_0x55e7da1b8cf0 .part v0x55e7da1b2ae0_0, 31, 1;
L_0x55e7da1b8d90 .part v0x55e7da1b2bd0_0, 31, 1;
L_0x55e7da1b9040 .part v0x55e7da1b2ae0_0, 32, 1;
L_0x55e7da1b90e0 .part v0x55e7da1b2bd0_0, 32, 1;
L_0x55e7da1b93a0 .part v0x55e7da1b2ae0_0, 33, 1;
L_0x55e7da1b9440 .part v0x55e7da1b2bd0_0, 33, 1;
L_0x55e7da1b9710 .part v0x55e7da1b2ae0_0, 34, 1;
L_0x55e7da1b97b0 .part v0x55e7da1b2bd0_0, 34, 1;
L_0x55e7da1b9a90 .part v0x55e7da1b2ae0_0, 35, 1;
L_0x55e7da1b9b30 .part v0x55e7da1b2bd0_0, 35, 1;
L_0x55e7da1b9e20 .part v0x55e7da1b2ae0_0, 36, 1;
L_0x55e7da1b9ec0 .part v0x55e7da1b2bd0_0, 36, 1;
L_0x55e7da1ba1c0 .part v0x55e7da1b2ae0_0, 37, 1;
L_0x55e7da1ba260 .part v0x55e7da1b2bd0_0, 37, 1;
L_0x55e7da1ba570 .part v0x55e7da1b2ae0_0, 38, 1;
L_0x55e7da1ba610 .part v0x55e7da1b2bd0_0, 38, 1;
L_0x55e7da1ba930 .part v0x55e7da1b2ae0_0, 39, 1;
L_0x55e7da1ba9d0 .part v0x55e7da1b2bd0_0, 39, 1;
L_0x55e7da1bad00 .part v0x55e7da1b2ae0_0, 40, 1;
L_0x55e7da1bada0 .part v0x55e7da1b2bd0_0, 40, 1;
L_0x55e7da1bb0e0 .part v0x55e7da1b2ae0_0, 41, 1;
L_0x55e7da1bb180 .part v0x55e7da1b2bd0_0, 41, 1;
L_0x55e7da1bb4d0 .part v0x55e7da1b2ae0_0, 42, 1;
L_0x55e7da1bb570 .part v0x55e7da1b2bd0_0, 42, 1;
L_0x55e7da1bb8d0 .part v0x55e7da1b2ae0_0, 43, 1;
L_0x55e7da1bb970 .part v0x55e7da1b2bd0_0, 43, 1;
L_0x55e7da1bbce0 .part v0x55e7da1b2ae0_0, 44, 1;
L_0x55e7da1bbd80 .part v0x55e7da1b2bd0_0, 44, 1;
L_0x55e7da1bc130 .part v0x55e7da1b2ae0_0, 45, 1;
L_0x55e7da1bc200 .part v0x55e7da1b2bd0_0, 45, 1;
L_0x55e7da1bc5c0 .part v0x55e7da1b2ae0_0, 46, 1;
L_0x55e7da1bc690 .part v0x55e7da1b2bd0_0, 46, 1;
L_0x55e7da1bca60 .part v0x55e7da1b2ae0_0, 47, 1;
L_0x55e7da1bcb30 .part v0x55e7da1b2bd0_0, 47, 1;
L_0x55e7da1bcf10 .part v0x55e7da1b2ae0_0, 48, 1;
L_0x55e7da1bcfe0 .part v0x55e7da1b2bd0_0, 48, 1;
L_0x55e7da1bd3d0 .part v0x55e7da1b2ae0_0, 49, 1;
L_0x55e7da1bd4a0 .part v0x55e7da1b2bd0_0, 49, 1;
L_0x55e7da1bd8a0 .part v0x55e7da1b2ae0_0, 50, 1;
L_0x55e7da1bd970 .part v0x55e7da1b2bd0_0, 50, 1;
L_0x55e7da1bdd80 .part v0x55e7da1b2ae0_0, 51, 1;
L_0x55e7da1bde50 .part v0x55e7da1b2bd0_0, 51, 1;
L_0x55e7da1be270 .part v0x55e7da1b2ae0_0, 52, 1;
L_0x55e7da1be340 .part v0x55e7da1b2bd0_0, 52, 1;
L_0x55e7da1be770 .part v0x55e7da1b2ae0_0, 53, 1;
L_0x55e7da1be840 .part v0x55e7da1b2bd0_0, 53, 1;
L_0x55e7da1bec80 .part v0x55e7da1b2ae0_0, 54, 1;
L_0x55e7da1bed50 .part v0x55e7da1b2bd0_0, 54, 1;
L_0x55e7da1bf1a0 .part v0x55e7da1b2ae0_0, 55, 1;
L_0x55e7da1bf270 .part v0x55e7da1b2bd0_0, 55, 1;
L_0x55e7da1bf6d0 .part v0x55e7da1b2ae0_0, 56, 1;
L_0x55e7da1bf7a0 .part v0x55e7da1b2bd0_0, 56, 1;
L_0x55e7da1bfc10 .part v0x55e7da1b2ae0_0, 57, 1;
L_0x55e7da1bfce0 .part v0x55e7da1b2bd0_0, 57, 1;
L_0x55e7da1c0160 .part v0x55e7da1b2ae0_0, 58, 1;
L_0x55e7da1c0230 .part v0x55e7da1b2bd0_0, 58, 1;
L_0x55e7da1c06c0 .part v0x55e7da1b2ae0_0, 59, 1;
L_0x55e7da1c0790 .part v0x55e7da1b2bd0_0, 59, 1;
L_0x55e7da1c0c30 .part v0x55e7da1b2ae0_0, 60, 1;
L_0x55e7da1c0d00 .part v0x55e7da1b2bd0_0, 60, 1;
L_0x55e7da1c11b0 .part v0x55e7da1b2ae0_0, 61, 1;
L_0x55e7da1c1280 .part v0x55e7da1b2bd0_0, 61, 1;
L_0x55e7da1c1740 .part v0x55e7da1b2ae0_0, 62, 1;
L_0x55e7da1c2020 .part v0x55e7da1b2bd0_0, 62, 1;
LS_0x55e7da1c2cd0_0_0 .concat8 [ 1 1 1 1], v0x55e7da139dc0_0, v0x55e7da135fb0_0, v0x55e7da1928d0_0, v0x55e7da1930c0_0;
LS_0x55e7da1c2cd0_0_4 .concat8 [ 1 1 1 1], v0x55e7da193900_0, v0x55e7da1940f0_0, v0x55e7da194950_0, v0x55e7da1951b0_0;
LS_0x55e7da1c2cd0_0_8 .concat8 [ 1 1 1 1], v0x55e7da1959c0_0, v0x55e7da196220_0, v0x55e7da196a80_0, v0x55e7da1972e0_0;
LS_0x55e7da1c2cd0_0_12 .concat8 [ 1 1 1 1], v0x55e7da197b40_0, v0x55e7da1983a0_0, v0x55e7da198c00_0, v0x55e7da199460_0;
LS_0x55e7da1c2cd0_0_16 .concat8 [ 1 1 1 1], v0x55e7da199cc0_0, v0x55e7da19a520_0, v0x55e7da19ad80_0, v0x55e7da19b5e0_0;
LS_0x55e7da1c2cd0_0_20 .concat8 [ 1 1 1 1], v0x55e7da19be40_0, v0x55e7da19c6a0_0, v0x55e7da19cf00_0, v0x55e7da19d760_0;
LS_0x55e7da1c2cd0_0_24 .concat8 [ 1 1 1 1], v0x55e7da19dfc0_0, v0x55e7da19e820_0, v0x55e7da19f080_0, v0x55e7da19f8e0_0;
LS_0x55e7da1c2cd0_0_28 .concat8 [ 1 1 1 1], v0x55e7da1a0140_0, v0x55e7da1a09a0_0, v0x55e7da1a1200_0, v0x55e7da1a1a60_0;
LS_0x55e7da1c2cd0_0_32 .concat8 [ 1 1 1 1], v0x55e7da1a22f0_0, v0x55e7da1a2b50_0, v0x55e7da1a33b0_0, v0x55e7da1a3c10_0;
LS_0x55e7da1c2cd0_0_36 .concat8 [ 1 1 1 1], v0x55e7da1a4470_0, v0x55e7da1a4cd0_0, v0x55e7da1a5530_0, v0x55e7da1a5d90_0;
LS_0x55e7da1c2cd0_0_40 .concat8 [ 1 1 1 1], v0x55e7da1a65f0_0, v0x55e7da1a6e50_0, v0x55e7da1a76b0_0, v0x55e7da1a7f10_0;
LS_0x55e7da1c2cd0_0_44 .concat8 [ 1 1 1 1], v0x55e7da1a8770_0, v0x55e7da1a8fd0_0, v0x55e7da1a9830_0, v0x55e7da1aa090_0;
LS_0x55e7da1c2cd0_0_48 .concat8 [ 1 1 1 1], v0x55e7da1aa8f0_0, v0x55e7da1ab150_0, v0x55e7da1ab9b0_0, v0x55e7da1ac210_0;
LS_0x55e7da1c2cd0_0_52 .concat8 [ 1 1 1 1], v0x55e7da1aca70_0, v0x55e7da1ad2d0_0, v0x55e7da1adb30_0, v0x55e7da1ae390_0;
LS_0x55e7da1c2cd0_0_56 .concat8 [ 1 1 1 1], v0x55e7da1aebf0_0, v0x55e7da1af450_0, v0x55e7da1afcb0_0, v0x55e7da1b0510_0;
LS_0x55e7da1c2cd0_0_60 .concat8 [ 1 1 1 1], v0x55e7da1b0d70_0, v0x55e7da1b15d0_0, v0x55e7da1b1e30_0, v0x55e7da1b2690_0;
LS_0x55e7da1c2cd0_1_0 .concat8 [ 4 4 4 4], LS_0x55e7da1c2cd0_0_0, LS_0x55e7da1c2cd0_0_4, LS_0x55e7da1c2cd0_0_8, LS_0x55e7da1c2cd0_0_12;
LS_0x55e7da1c2cd0_1_4 .concat8 [ 4 4 4 4], LS_0x55e7da1c2cd0_0_16, LS_0x55e7da1c2cd0_0_20, LS_0x55e7da1c2cd0_0_24, LS_0x55e7da1c2cd0_0_28;
LS_0x55e7da1c2cd0_1_8 .concat8 [ 4 4 4 4], LS_0x55e7da1c2cd0_0_32, LS_0x55e7da1c2cd0_0_36, LS_0x55e7da1c2cd0_0_40, LS_0x55e7da1c2cd0_0_44;
LS_0x55e7da1c2cd0_1_12 .concat8 [ 4 4 4 4], LS_0x55e7da1c2cd0_0_48, LS_0x55e7da1c2cd0_0_52, LS_0x55e7da1c2cd0_0_56, LS_0x55e7da1c2cd0_0_60;
L_0x55e7da1c2cd0 .concat8 [ 16 16 16 16], LS_0x55e7da1c2cd0_1_0, LS_0x55e7da1c2cd0_1_4, LS_0x55e7da1c2cd0_1_8, LS_0x55e7da1c2cd0_1_12;
L_0x55e7da1c3370 .part v0x55e7da1b2ae0_0, 63, 1;
L_0x55e7da1c3850 .part v0x55e7da1b2bd0_0, 63, 1;
S_0x55e7da184400 .scope generate, "genblk1[0]" "genblk1[0]" 3 12, 3 12 0, S_0x55e7da185530;
 .timescale -9 -12;
P_0x55e7da14bd60 .param/l "count" 0 3 12, +C4<00>;
S_0x55e7da184060 .scope module, "w1" "and_1bit" 3 14, 4 3 0, S_0x55e7da184400;
 .timescale 0 0;
    .port_info 0 /OUTPUT 1 "out"
    .port_info 1 /INPUT 1 "a"
    .port_info 2 /INPUT 1 "b"
v0x55e7da14fd70_0 .net "a", 0 0, L_0x55e7da1b2da0;  1 drivers
v0x55e7da146ca0_0 .net "b", 0 0, L_0x55e7da1b2ec0;  1 drivers
v0x55e7da139dc0_0 .var "out", 0 0;
E_0x55e7da10bcb0 .event edge, v0x55e7da146ca0_0, v0x55e7da14fd70_0;
S_0x55e7da191e40 .scope generate, "genblk1[1]" "genblk1[1]" 3 12, 3 12 0, S_0x55e7da185530;
 .timescale -9 -12;
P_0x55e7da14e6c0 .param/l "count" 0 3 12, +C4<01>;
S_0x55e7da192050 .scope module, "w1" "and_1bit" 3 14, 4 3 0, S_0x55e7da191e40;
 .timescale 0 0;
    .port_info 0 /OUTPUT 1 "out"
    .port_info 1 /INPUT 1 "a"
    .port_info 2 /INPUT 1 "b"
v0x55e7da138910_0 .net "a", 0 0, L_0x55e7da1b2fb0;  1 drivers
v0x55e7da137460_0 .net "b", 0 0, L_0x55e7da1b3050;  1 drivers
v0x55e7da135fb0_0 .var "out", 0 0;
E_0x55e7da10c560 .event edge, v0x55e7da137460_0, v0x55e7da138910_0;
S_0x55e7da192310 .scope generate, "genblk1[2]" "genblk1[2]" 3 12, 3 12 0, S_0x55e7da185530;
 .timescale -9 -12;
P_0x55e7da192490 .param/l "count" 0 3 12, +C4<010>;
S_0x55e7da192550 .scope module, "w1" "and_1bit" 3 14, 4 3 0, S_0x55e7da192310;
 .timescale 0 0;
    .port_info 0 /OUTPUT 1 "out"
    .port_info 1 /INPUT 1 "a"
    .port_info 2 /INPUT 1 "b"
v0x55e7da134860_0 .net "a", 0 0, L_0x55e7da1b3150;  1 drivers
v0x55e7da192810_0 .net "b", 0 0, L_0x55e7da1b3220;  1 drivers
v0x55e7da1928d0_0 .var "out", 0 0;
E_0x55e7da0d5910 .event edge, v0x55e7da192810_0, v0x55e7da134860_0;
S_0x55e7da1929f0 .scope generate, "genblk1[3]" "genblk1[3]" 3 12, 3 12 0, S_0x55e7da185530;
 .timescale -9 -12;
P_0x55e7da192bc0 .param/l "count" 0 3 12, +C4<011>;
S_0x55e7da192ca0 .scope module, "w1" "and_1bit" 3 14, 4 3 0, S_0x55e7da1929f0;
 .timescale 0 0;
    .port_info 0 /OUTPUT 1 "out"
    .port_info 1 /INPUT 1 "a"
    .port_info 2 /INPUT 1 "b"
v0x55e7da192f20_0 .net "a", 0 0, L_0x55e7da1b33c0;  1 drivers
v0x55e7da193000_0 .net "b", 0 0, L_0x55e7da1b3460;  1 drivers
v0x55e7da1930c0_0 .var "out", 0 0;
E_0x55e7da0d5a20 .event edge, v0x55e7da193000_0, v0x55e7da192f20_0;
S_0x55e7da1931e0 .scope generate, "genblk1[4]" "genblk1[4]" 3 12, 3 12 0, S_0x55e7da185530;
 .timescale -9 -12;
P_0x55e7da193400 .param/l "count" 0 3 12, +C4<0100>;
S_0x55e7da1934e0 .scope module, "w1" "and_1bit" 3 14, 4 3 0, S_0x55e7da1931e0;
 .timescale 0 0;
    .port_info 0 /OUTPUT 1 "out"
    .port_info 1 /INPUT 1 "a"
    .port_info 2 /INPUT 1 "b"
v0x55e7da193760_0 .net "a", 0 0, L_0x55e7da1b3580;  1 drivers
v0x55e7da193840_0 .net "b", 0 0, L_0x55e7da1b3650;  1 drivers
v0x55e7da193900_0 .var "out", 0 0;
E_0x55e7da10a3f0 .event edge, v0x55e7da193840_0, v0x55e7da193760_0;
S_0x55e7da193a20 .scope generate, "genblk1[5]" "genblk1[5]" 3 12, 3 12 0, S_0x55e7da185530;
 .timescale -9 -12;
P_0x55e7da193bf0 .param/l "count" 0 3 12, +C4<0101>;
S_0x55e7da193cd0 .scope module, "w1" "and_1bit" 3 14, 4 3 0, S_0x55e7da193a20;
 .timescale 0 0;
    .port_info 0 /OUTPUT 1 "out"
    .port_info 1 /INPUT 1 "a"
    .port_info 2 /INPUT 1 "b"
v0x55e7da193f50_0 .net "a", 0 0, L_0x55e7da1b3780;  1 drivers
v0x55e7da194030_0 .net "b", 0 0, L_0x55e7da1b3850;  1 drivers
v0x55e7da1940f0_0 .var "out", 0 0;
E_0x55e7da158e80 .event edge, v0x55e7da194030_0, v0x55e7da193f50_0;
S_0x55e7da194240 .scope generate, "genblk1[6]" "genblk1[6]" 3 12, 3 12 0, S_0x55e7da185530;
 .timescale -9 -12;
P_0x55e7da194410 .param/l "count" 0 3 12, +C4<0110>;
S_0x55e7da1944f0 .scope module, "w1" "and_1bit" 3 14, 4 3 0, S_0x55e7da194240;
 .timescale 0 0;
    .port_info 0 /OUTPUT 1 "out"
    .port_info 1 /INPUT 1 "a"
    .port_info 2 /INPUT 1 "b"
v0x55e7da1947b0_0 .net "a", 0 0, L_0x55e7da1b3990;  1 drivers
v0x55e7da194890_0 .net "b", 0 0, L_0x55e7da1b3a60;  1 drivers
v0x55e7da194950_0 .var "out", 0 0;
E_0x55e7da194730 .event edge, v0x55e7da194890_0, v0x55e7da1947b0_0;
S_0x55e7da194aa0 .scope generate, "genblk1[7]" "genblk1[7]" 3 12, 3 12 0, S_0x55e7da185530;
 .timescale -9 -12;
P_0x55e7da194c70 .param/l "count" 0 3 12, +C4<0111>;
S_0x55e7da194d50 .scope module, "w1" "and_1bit" 3 14, 4 3 0, S_0x55e7da194aa0;
 .timescale 0 0;
    .port_info 0 /OUTPUT 1 "out"
    .port_info 1 /INPUT 1 "a"
    .port_info 2 /INPUT 1 "b"
v0x55e7da195010_0 .net "a", 0 0, L_0x55e7da1b3cc0;  1 drivers
v0x55e7da1950f0_0 .net "b", 0 0, L_0x55e7da1b3d90;  1 drivers
v0x55e7da1951b0_0 .var "out", 0 0;
E_0x55e7da194f90 .event edge, v0x55e7da1950f0_0, v0x55e7da195010_0;
S_0x55e7da195300 .scope generate, "genblk1[8]" "genblk1[8]" 3 12, 3 12 0, S_0x55e7da185530;
 .timescale -9 -12;
P_0x55e7da1933b0 .param/l "count" 0 3 12, +C4<01000>;
S_0x55e7da195560 .scope module, "w1" "and_1bit" 3 14, 4 3 0, S_0x55e7da195300;
 .timescale 0 0;
    .port_info 0 /OUTPUT 1 "out"
    .port_info 1 /INPUT 1 "a"
    .port_info 2 /INPUT 1 "b"
v0x55e7da195820_0 .net "a", 0 0, L_0x55e7da1b3ef0;  1 drivers
v0x55e7da195900_0 .net "b", 0 0, L_0x55e7da1b3fc0;  1 drivers
v0x55e7da1959c0_0 .var "out", 0 0;
E_0x55e7da1957a0 .event edge, v0x55e7da195900_0, v0x55e7da195820_0;
S_0x55e7da195b10 .scope generate, "genblk1[9]" "genblk1[9]" 3 12, 3 12 0, S_0x55e7da185530;
 .timescale -9 -12;
P_0x55e7da195ce0 .param/l "count" 0 3 12, +C4<01001>;
S_0x55e7da195dc0 .scope module, "w1" "and_1bit" 3 14, 4 3 0, S_0x55e7da195b10;
 .timescale 0 0;
    .port_info 0 /OUTPUT 1 "out"
    .port_info 1 /INPUT 1 "a"
    .port_info 2 /INPUT 1 "b"
v0x55e7da196080_0 .net "a", 0 0, L_0x55e7da1b4130;  1 drivers
v0x55e7da196160_0 .net "b", 0 0, L_0x55e7da1b4200;  1 drivers
v0x55e7da196220_0 .var "out", 0 0;
E_0x55e7da196000 .event edge, v0x55e7da196160_0, v0x55e7da196080_0;
S_0x55e7da196370 .scope generate, "genblk1[10]" "genblk1[10]" 3 12, 3 12 0, S_0x55e7da185530;
 .timescale -9 -12;
P_0x55e7da196540 .param/l "count" 0 3 12, +C4<01010>;
S_0x55e7da196620 .scope module, "w1" "and_1bit" 3 14, 4 3 0, S_0x55e7da196370;
 .timescale 0 0;
    .port_info 0 /OUTPUT 1 "out"
    .port_info 1 /INPUT 1 "a"
    .port_info 2 /INPUT 1 "b"
v0x55e7da1968e0_0 .net "a", 0 0, L_0x55e7da1b4090;  1 drivers
v0x55e7da1969c0_0 .net "b", 0 0, L_0x55e7da1b43b0;  1 drivers
v0x55e7da196a80_0 .var "out", 0 0;
E_0x55e7da196860 .event edge, v0x55e7da1969c0_0, v0x55e7da1968e0_0;
S_0x55e7da196bd0 .scope generate, "genblk1[11]" "genblk1[11]" 3 12, 3 12 0, S_0x55e7da185530;
 .timescale -9 -12;
P_0x55e7da196da0 .param/l "count" 0 3 12, +C4<01011>;
S_0x55e7da196e80 .scope module, "w1" "and_1bit" 3 14, 4 3 0, S_0x55e7da196bd0;
 .timescale 0 0;
    .port_info 0 /OUTPUT 1 "out"
    .port_info 1 /INPUT 1 "a"
    .port_info 2 /INPUT 1 "b"
v0x55e7da197140_0 .net "a", 0 0, L_0x55e7da1b4540;  1 drivers
v0x55e7da197220_0 .net "b", 0 0, L_0x55e7da1b4610;  1 drivers
v0x55e7da1972e0_0 .var "out", 0 0;
E_0x55e7da1970c0 .event edge, v0x55e7da197220_0, v0x55e7da197140_0;
S_0x55e7da197430 .scope generate, "genblk1[12]" "genblk1[12]" 3 12, 3 12 0, S_0x55e7da185530;
 .timescale -9 -12;
P_0x55e7da197600 .param/l "count" 0 3 12, +C4<01100>;
S_0x55e7da1976e0 .scope module, "w1" "and_1bit" 3 14, 4 3 0, S_0x55e7da197430;
 .timescale 0 0;
    .port_info 0 /OUTPUT 1 "out"
    .port_info 1 /INPUT 1 "a"
    .port_info 2 /INPUT 1 "b"
v0x55e7da1979a0_0 .net "a", 0 0, L_0x55e7da1b47b0;  1 drivers
v0x55e7da197a80_0 .net "b", 0 0, L_0x55e7da1b4880;  1 drivers
v0x55e7da197b40_0 .var "out", 0 0;
E_0x55e7da197920 .event edge, v0x55e7da197a80_0, v0x55e7da1979a0_0;
S_0x55e7da197c90 .scope generate, "genblk1[13]" "genblk1[13]" 3 12, 3 12 0, S_0x55e7da185530;
 .timescale -9 -12;
P_0x55e7da197e60 .param/l "count" 0 3 12, +C4<01101>;
S_0x55e7da197f40 .scope module, "w1" "and_1bit" 3 14, 4 3 0, S_0x55e7da197c90;
 .timescale 0 0;
    .port_info 0 /OUTPUT 1 "out"
    .port_info 1 /INPUT 1 "a"
    .port_info 2 /INPUT 1 "b"
v0x55e7da198200_0 .net "a", 0 0, L_0x55e7da1b4a30;  1 drivers
v0x55e7da1982e0_0 .net "b", 0 0, L_0x55e7da1b4b00;  1 drivers
v0x55e7da1983a0_0 .var "out", 0 0;
E_0x55e7da198180 .event edge, v0x55e7da1982e0_0, v0x55e7da198200_0;
S_0x55e7da1984f0 .scope generate, "genblk1[14]" "genblk1[14]" 3 12, 3 12 0, S_0x55e7da185530;
 .timescale -9 -12;
P_0x55e7da1986c0 .param/l "count" 0 3 12, +C4<01110>;
S_0x55e7da1987a0 .scope module, "w1" "and_1bit" 3 14, 4 3 0, S_0x55e7da1984f0;
 .timescale 0 0;
    .port_info 0 /OUTPUT 1 "out"
    .port_info 1 /INPUT 1 "a"
    .port_info 2 /INPUT 1 "b"
v0x55e7da198a60_0 .net "a", 0 0, L_0x55e7da1b4cc0;  1 drivers
v0x55e7da198b40_0 .net "b", 0 0, L_0x55e7da1b4fa0;  1 drivers
v0x55e7da198c00_0 .var "out", 0 0;
E_0x55e7da1989e0 .event edge, v0x55e7da198b40_0, v0x55e7da198a60_0;
S_0x55e7da198d50 .scope generate, "genblk1[15]" "genblk1[15]" 3 12, 3 12 0, S_0x55e7da185530;
 .timescale -9 -12;
P_0x55e7da198f20 .param/l "count" 0 3 12, +C4<01111>;
S_0x55e7da199000 .scope module, "w1" "and_1bit" 3 14, 4 3 0, S_0x55e7da198d50;
 .timescale 0 0;
    .port_info 0 /OUTPUT 1 "out"
    .port_info 1 /INPUT 1 "a"
    .port_info 2 /INPUT 1 "b"
v0x55e7da1992c0_0 .net "a", 0 0, L_0x55e7da1b5380;  1 drivers
v0x55e7da1993a0_0 .net "b", 0 0, L_0x55e7da1b5450;  1 drivers
v0x55e7da199460_0 .var "out", 0 0;
E_0x55e7da199240 .event edge, v0x55e7da1993a0_0, v0x55e7da1992c0_0;
S_0x55e7da1995b0 .scope generate, "genblk1[16]" "genblk1[16]" 3 12, 3 12 0, S_0x55e7da185530;
 .timescale -9 -12;
P_0x55e7da199780 .param/l "count" 0 3 12, +C4<010000>;
S_0x55e7da199860 .scope module, "w1" "and_1bit" 3 14, 4 3 0, S_0x55e7da1995b0;
 .timescale 0 0;
    .port_info 0 /OUTPUT 1 "out"
    .port_info 1 /INPUT 1 "a"
    .port_info 2 /INPUT 1 "b"
v0x55e7da199b20_0 .net "a", 0 0, L_0x55e7da1b5630;  1 drivers
v0x55e7da199c00_0 .net "b", 0 0, L_0x55e7da1b5700;  1 drivers
v0x55e7da199cc0_0 .var "out", 0 0;
E_0x55e7da199aa0 .event edge, v0x55e7da199c00_0, v0x55e7da199b20_0;
S_0x55e7da199e10 .scope generate, "genblk1[17]" "genblk1[17]" 3 12, 3 12 0, S_0x55e7da185530;
 .timescale -9 -12;
P_0x55e7da199fe0 .param/l "count" 0 3 12, +C4<010001>;
S_0x55e7da19a0c0 .scope module, "w1" "and_1bit" 3 14, 4 3 0, S_0x55e7da199e10;
 .timescale 0 0;
    .port_info 0 /OUTPUT 1 "out"
    .port_info 1 /INPUT 1 "a"
    .port_info 2 /INPUT 1 "b"
v0x55e7da19a380_0 .net "a", 0 0, L_0x55e7da1b58f0;  1 drivers
v0x55e7da19a460_0 .net "b", 0 0, L_0x55e7da1b59c0;  1 drivers
v0x55e7da19a520_0 .var "out", 0 0;
E_0x55e7da19a300 .event edge, v0x55e7da19a460_0, v0x55e7da19a380_0;
S_0x55e7da19a670 .scope generate, "genblk1[18]" "genblk1[18]" 3 12, 3 12 0, S_0x55e7da185530;
 .timescale -9 -12;
P_0x55e7da19a840 .param/l "count" 0 3 12, +C4<010010>;
S_0x55e7da19a920 .scope module, "w1" "and_1bit" 3 14, 4 3 0, S_0x55e7da19a670;
 .timescale 0 0;
    .port_info 0 /OUTPUT 1 "out"
    .port_info 1 /INPUT 1 "a"
    .port_info 2 /INPUT 1 "b"
v0x55e7da19abe0_0 .net "a", 0 0, L_0x55e7da1b57d0;  1 drivers
v0x55e7da19acc0_0 .net "b", 0 0, L_0x55e7da1b5bc0;  1 drivers
v0x55e7da19ad80_0 .var "out", 0 0;
E_0x55e7da19ab60 .event edge, v0x55e7da19acc0_0, v0x55e7da19abe0_0;
S_0x55e7da19aed0 .scope generate, "genblk1[19]" "genblk1[19]" 3 12, 3 12 0, S_0x55e7da185530;
 .timescale -9 -12;
P_0x55e7da19b0a0 .param/l "count" 0 3 12, +C4<010011>;
S_0x55e7da19b180 .scope module, "w1" "and_1bit" 3 14, 4 3 0, S_0x55e7da19aed0;
 .timescale 0 0;
    .port_info 0 /OUTPUT 1 "out"
    .port_info 1 /INPUT 1 "a"
    .port_info 2 /INPUT 1 "b"
v0x55e7da19b440_0 .net "a", 0 0, L_0x55e7da1b5da0;  1 drivers
v0x55e7da19b520_0 .net "b", 0 0, L_0x55e7da1b5e70;  1 drivers
v0x55e7da19b5e0_0 .var "out", 0 0;
E_0x55e7da19b3c0 .event edge, v0x55e7da19b520_0, v0x55e7da19b440_0;
S_0x55e7da19b730 .scope generate, "genblk1[20]" "genblk1[20]" 3 12, 3 12 0, S_0x55e7da185530;
 .timescale -9 -12;
P_0x55e7da19b900 .param/l "count" 0 3 12, +C4<010100>;
S_0x55e7da19b9e0 .scope module, "w1" "and_1bit" 3 14, 4 3 0, S_0x55e7da19b730;
 .timescale 0 0;
    .port_info 0 /OUTPUT 1 "out"
    .port_info 1 /INPUT 1 "a"
    .port_info 2 /INPUT 1 "b"
v0x55e7da19bca0_0 .net "a", 0 0, L_0x55e7da1b6090;  1 drivers
v0x55e7da19bd80_0 .net "b", 0 0, L_0x55e7da1b6160;  1 drivers
v0x55e7da19be40_0 .var "out", 0 0;
E_0x55e7da19bc20 .event edge, v0x55e7da19bd80_0, v0x55e7da19bca0_0;
S_0x55e7da19bf90 .scope generate, "genblk1[21]" "genblk1[21]" 3 12, 3 12 0, S_0x55e7da185530;
 .timescale -9 -12;
P_0x55e7da19c160 .param/l "count" 0 3 12, +C4<010101>;
S_0x55e7da19c240 .scope module, "w1" "and_1bit" 3 14, 4 3 0, S_0x55e7da19bf90;
 .timescale 0 0;
    .port_info 0 /OUTPUT 1 "out"
    .port_info 1 /INPUT 1 "a"
    .port_info 2 /INPUT 1 "b"
v0x55e7da19c500_0 .net "a", 0 0, L_0x55e7da1b6390;  1 drivers
v0x55e7da19c5e0_0 .net "b", 0 0, L_0x55e7da1b6460;  1 drivers
v0x55e7da19c6a0_0 .var "out", 0 0;
E_0x55e7da19c480 .event edge, v0x55e7da19c5e0_0, v0x55e7da19c500_0;
S_0x55e7da19c7f0 .scope generate, "genblk1[22]" "genblk1[22]" 3 12, 3 12 0, S_0x55e7da185530;
 .timescale -9 -12;
P_0x55e7da19c9c0 .param/l "count" 0 3 12, +C4<010110>;
S_0x55e7da19caa0 .scope module, "w1" "and_1bit" 3 14, 4 3 0, S_0x55e7da19c7f0;
 .timescale 0 0;
    .port_info 0 /OUTPUT 1 "out"
    .port_info 1 /INPUT 1 "a"
    .port_info 2 /INPUT 1 "b"
v0x55e7da19cd60_0 .net "a", 0 0, L_0x55e7da1b66a0;  1 drivers
v0x55e7da19ce40_0 .net "b", 0 0, L_0x55e7da1b6770;  1 drivers
v0x55e7da19cf00_0 .var "out", 0 0;
E_0x55e7da19cce0 .event edge, v0x55e7da19ce40_0, v0x55e7da19cd60_0;
S_0x55e7da19d050 .scope generate, "genblk1[23]" "genblk1[23]" 3 12, 3 12 0, S_0x55e7da185530;
 .timescale -9 -12;
P_0x55e7da19d220 .param/l "count" 0 3 12, +C4<010111>;
S_0x55e7da19d300 .scope module, "w1" "and_1bit" 3 14, 4 3 0, S_0x55e7da19d050;
 .timescale 0 0;
    .port_info 0 /OUTPUT 1 "out"
    .port_info 1 /INPUT 1 "a"
    .port_info 2 /INPUT 1 "b"
v0x55e7da19d5c0_0 .net "a", 0 0, L_0x55e7da1b69c0;  1 drivers
v0x55e7da19d6a0_0 .net "b", 0 0, L_0x55e7da1b6a90;  1 drivers
v0x55e7da19d760_0 .var "out", 0 0;
E_0x55e7da19d540 .event edge, v0x55e7da19d6a0_0, v0x55e7da19d5c0_0;
S_0x55e7da19d8b0 .scope generate, "genblk1[24]" "genblk1[24]" 3 12, 3 12 0, S_0x55e7da185530;
 .timescale -9 -12;
P_0x55e7da19da80 .param/l "count" 0 3 12, +C4<011000>;
S_0x55e7da19db60 .scope module, "w1" "and_1bit" 3 14, 4 3 0, S_0x55e7da19d8b0;
 .timescale 0 0;
    .port_info 0 /OUTPUT 1 "out"
    .port_info 1 /INPUT 1 "a"
    .port_info 2 /INPUT 1 "b"
v0x55e7da19de20_0 .net "a", 0 0, L_0x55e7da1b6cf0;  1 drivers
v0x55e7da19df00_0 .net "b", 0 0, L_0x55e7da1b6dc0;  1 drivers
v0x55e7da19dfc0_0 .var "out", 0 0;
E_0x55e7da19dda0 .event edge, v0x55e7da19df00_0, v0x55e7da19de20_0;
S_0x55e7da19e110 .scope generate, "genblk1[25]" "genblk1[25]" 3 12, 3 12 0, S_0x55e7da185530;
 .timescale -9 -12;
P_0x55e7da19e2e0 .param/l "count" 0 3 12, +C4<011001>;
S_0x55e7da19e3c0 .scope module, "w1" "and_1bit" 3 14, 4 3 0, S_0x55e7da19e110;
 .timescale 0 0;
    .port_info 0 /OUTPUT 1 "out"
    .port_info 1 /INPUT 1 "a"
    .port_info 2 /INPUT 1 "b"
v0x55e7da19e680_0 .net "a", 0 0, L_0x55e7da1b7030;  1 drivers
v0x55e7da19e760_0 .net "b", 0 0, L_0x55e7da1b7100;  1 drivers
v0x55e7da19e820_0 .var "out", 0 0;
E_0x55e7da19e600 .event edge, v0x55e7da19e760_0, v0x55e7da19e680_0;
S_0x55e7da19e970 .scope generate, "genblk1[26]" "genblk1[26]" 3 12, 3 12 0, S_0x55e7da185530;
 .timescale -9 -12;
P_0x55e7da19eb40 .param/l "count" 0 3 12, +C4<011010>;
S_0x55e7da19ec20 .scope module, "w1" "and_1bit" 3 14, 4 3 0, S_0x55e7da19e970;
 .timescale 0 0;
    .port_info 0 /OUTPUT 1 "out"
    .port_info 1 /INPUT 1 "a"
    .port_info 2 /INPUT 1 "b"
v0x55e7da19eee0_0 .net "a", 0 0, L_0x55e7da1b7380;  1 drivers
v0x55e7da19efc0_0 .net "b", 0 0, L_0x55e7da1b7450;  1 drivers
v0x55e7da19f080_0 .var "out", 0 0;
E_0x55e7da19ee60 .event edge, v0x55e7da19efc0_0, v0x55e7da19eee0_0;
S_0x55e7da19f1d0 .scope generate, "genblk1[27]" "genblk1[27]" 3 12, 3 12 0, S_0x55e7da185530;
 .timescale -9 -12;
P_0x55e7da19f3a0 .param/l "count" 0 3 12, +C4<011011>;
S_0x55e7da19f480 .scope module, "w1" "and_1bit" 3 14, 4 3 0, S_0x55e7da19f1d0;
 .timescale 0 0;
    .port_info 0 /OUTPUT 1 "out"
    .port_info 1 /INPUT 1 "a"
    .port_info 2 /INPUT 1 "b"
v0x55e7da19f740_0 .net "a", 0 0, L_0x55e7da1b76e0;  1 drivers
v0x55e7da19f820_0 .net "b", 0 0, L_0x55e7da1b77b0;  1 drivers
v0x55e7da19f8e0_0 .var "out", 0 0;
E_0x55e7da19f6c0 .event edge, v0x55e7da19f820_0, v0x55e7da19f740_0;
S_0x55e7da19fa30 .scope generate, "genblk1[28]" "genblk1[28]" 3 12, 3 12 0, S_0x55e7da185530;
 .timescale -9 -12;
P_0x55e7da19fc00 .param/l "count" 0 3 12, +C4<011100>;
S_0x55e7da19fce0 .scope module, "w1" "and_1bit" 3 14, 4 3 0, S_0x55e7da19fa30;
 .timescale 0 0;
    .port_info 0 /OUTPUT 1 "out"
    .port_info 1 /INPUT 1 "a"
    .port_info 2 /INPUT 1 "b"
v0x55e7da19ffa0_0 .net "a", 0 0, L_0x55e7da1b7a50;  1 drivers
v0x55e7da1a0080_0 .net "b", 0 0, L_0x55e7da1b7b20;  1 drivers
v0x55e7da1a0140_0 .var "out", 0 0;
E_0x55e7da19ff20 .event edge, v0x55e7da1a0080_0, v0x55e7da19ffa0_0;
S_0x55e7da1a0290 .scope generate, "genblk1[29]" "genblk1[29]" 3 12, 3 12 0, S_0x55e7da185530;
 .timescale -9 -12;
P_0x55e7da1a0460 .param/l "count" 0 3 12, +C4<011101>;
S_0x55e7da1a0540 .scope module, "w1" "and_1bit" 3 14, 4 3 0, S_0x55e7da1a0290;
 .timescale 0 0;
    .port_info 0 /OUTPUT 1 "out"
    .port_info 1 /INPUT 1 "a"
    .port_info 2 /INPUT 1 "b"
v0x55e7da1a0800_0 .net "a", 0 0, L_0x55e7da1b7dd0;  1 drivers
v0x55e7da1a08e0_0 .net "b", 0 0, L_0x55e7da1b7ea0;  1 drivers
v0x55e7da1a09a0_0 .var "out", 0 0;
E_0x55e7da1a0780 .event edge, v0x55e7da1a08e0_0, v0x55e7da1a0800_0;
S_0x55e7da1a0af0 .scope generate, "genblk1[30]" "genblk1[30]" 3 12, 3 12 0, S_0x55e7da185530;
 .timescale -9 -12;
P_0x55e7da1a0cc0 .param/l "count" 0 3 12, +C4<011110>;
S_0x55e7da1a0da0 .scope module, "w1" "and_1bit" 3 14, 4 3 0, S_0x55e7da1a0af0;
 .timescale 0 0;
    .port_info 0 /OUTPUT 1 "out"
    .port_info 1 /INPUT 1 "a"
    .port_info 2 /INPUT 1 "b"
v0x55e7da1a1060_0 .net "a", 0 0, L_0x55e7da1b8160;  1 drivers
v0x55e7da1a1140_0 .net "b", 0 0, L_0x55e7da1b8640;  1 drivers
v0x55e7da1a1200_0 .var "out", 0 0;
E_0x55e7da1a0fe0 .event edge, v0x55e7da1a1140_0, v0x55e7da1a1060_0;
S_0x55e7da1a1350 .scope generate, "genblk1[31]" "genblk1[31]" 3 12, 3 12 0, S_0x55e7da185530;
 .timescale -9 -12;
P_0x55e7da1a1520 .param/l "count" 0 3 12, +C4<011111>;
S_0x55e7da1a1600 .scope module, "w1" "and_1bit" 3 14, 4 3 0, S_0x55e7da1a1350;
 .timescale 0 0;
    .port_info 0 /OUTPUT 1 "out"
    .port_info 1 /INPUT 1 "a"
    .port_info 2 /INPUT 1 "b"
v0x55e7da1a18c0_0 .net "a", 0 0, L_0x55e7da1b8cf0;  1 drivers
v0x55e7da1a19a0_0 .net "b", 0 0, L_0x55e7da1b8d90;  1 drivers
v0x55e7da1a1a60_0 .var "out", 0 0;
E_0x55e7da1a1840 .event edge, v0x55e7da1a19a0_0, v0x55e7da1a18c0_0;
S_0x55e7da1a1bb0 .scope generate, "genblk1[32]" "genblk1[32]" 3 12, 3 12 0, S_0x55e7da185530;
 .timescale -9 -12;
P_0x55e7da1a1d80 .param/l "count" 0 3 12, +C4<0100000>;
S_0x55e7da1a1e70 .scope module, "w1" "and_1bit" 3 14, 4 3 0, S_0x55e7da1a1bb0;
 .timescale 0 0;
    .port_info 0 /OUTPUT 1 "out"
    .port_info 1 /INPUT 1 "a"
    .port_info 2 /INPUT 1 "b"
v0x55e7da1a2150_0 .net "a", 0 0, L_0x55e7da1b9040;  1 drivers
v0x55e7da1a2230_0 .net "b", 0 0, L_0x55e7da1b90e0;  1 drivers
v0x55e7da1a22f0_0 .var "out", 0 0;
E_0x55e7da1a20d0 .event edge, v0x55e7da1a2230_0, v0x55e7da1a2150_0;
S_0x55e7da1a2410 .scope generate, "genblk1[33]" "genblk1[33]" 3 12, 3 12 0, S_0x55e7da185530;
 .timescale -9 -12;
P_0x55e7da1a25e0 .param/l "count" 0 3 12, +C4<0100001>;
S_0x55e7da1a26d0 .scope module, "w1" "and_1bit" 3 14, 4 3 0, S_0x55e7da1a2410;
 .timescale 0 0;
    .port_info 0 /OUTPUT 1 "out"
    .port_info 1 /INPUT 1 "a"
    .port_info 2 /INPUT 1 "b"
v0x55e7da1a29b0_0 .net "a", 0 0, L_0x55e7da1b93a0;  1 drivers
v0x55e7da1a2a90_0 .net "b", 0 0, L_0x55e7da1b9440;  1 drivers
v0x55e7da1a2b50_0 .var "out", 0 0;
E_0x55e7da1a2930 .event edge, v0x55e7da1a2a90_0, v0x55e7da1a29b0_0;
S_0x55e7da1a2c70 .scope generate, "genblk1[34]" "genblk1[34]" 3 12, 3 12 0, S_0x55e7da185530;
 .timescale -9 -12;
P_0x55e7da1a2e40 .param/l "count" 0 3 12, +C4<0100010>;
S_0x55e7da1a2f30 .scope module, "w1" "and_1bit" 3 14, 4 3 0, S_0x55e7da1a2c70;
 .timescale 0 0;
    .port_info 0 /OUTPUT 1 "out"
    .port_info 1 /INPUT 1 "a"
    .port_info 2 /INPUT 1 "b"
v0x55e7da1a3210_0 .net "a", 0 0, L_0x55e7da1b9710;  1 drivers
v0x55e7da1a32f0_0 .net "b", 0 0, L_0x55e7da1b97b0;  1 drivers
v0x55e7da1a33b0_0 .var "out", 0 0;
E_0x55e7da1a3190 .event edge, v0x55e7da1a32f0_0, v0x55e7da1a3210_0;
S_0x55e7da1a34d0 .scope generate, "genblk1[35]" "genblk1[35]" 3 12, 3 12 0, S_0x55e7da185530;
 .timescale -9 -12;
P_0x55e7da1a36a0 .param/l "count" 0 3 12, +C4<0100011>;
S_0x55e7da1a3790 .scope module, "w1" "and_1bit" 3 14, 4 3 0, S_0x55e7da1a34d0;
 .timescale 0 0;
    .port_info 0 /OUTPUT 1 "out"
    .port_info 1 /INPUT 1 "a"
    .port_info 2 /INPUT 1 "b"
v0x55e7da1a3a70_0 .net "a", 0 0, L_0x55e7da1b9a90;  1 drivers
v0x55e7da1a3b50_0 .net "b", 0 0, L_0x55e7da1b9b30;  1 drivers
v0x55e7da1a3c10_0 .var "out", 0 0;
E_0x55e7da1a39f0 .event edge, v0x55e7da1a3b50_0, v0x55e7da1a3a70_0;
S_0x55e7da1a3d30 .scope generate, "genblk1[36]" "genblk1[36]" 3 12, 3 12 0, S_0x55e7da185530;
 .timescale -9 -12;
P_0x55e7da1a3f00 .param/l "count" 0 3 12, +C4<0100100>;
S_0x55e7da1a3ff0 .scope module, "w1" "and_1bit" 3 14, 4 3 0, S_0x55e7da1a3d30;
 .timescale 0 0;
    .port_info 0 /OUTPUT 1 "out"
    .port_info 1 /INPUT 1 "a"
    .port_info 2 /INPUT 1 "b"
v0x55e7da1a42d0_0 .net "a", 0 0, L_0x55e7da1b9e20;  1 drivers
v0x55e7da1a43b0_0 .net "b", 0 0, L_0x55e7da1b9ec0;  1 drivers
v0x55e7da1a4470_0 .var "out", 0 0;
E_0x55e7da1a4250 .event edge, v0x55e7da1a43b0_0, v0x55e7da1a42d0_0;
S_0x55e7da1a4590 .scope generate, "genblk1[37]" "genblk1[37]" 3 12, 3 12 0, S_0x55e7da185530;
 .timescale -9 -12;
P_0x55e7da1a4760 .param/l "count" 0 3 12, +C4<0100101>;
S_0x55e7da1a4850 .scope module, "w1" "and_1bit" 3 14, 4 3 0, S_0x55e7da1a4590;
 .timescale 0 0;
    .port_info 0 /OUTPUT 1 "out"
    .port_info 1 /INPUT 1 "a"
    .port_info 2 /INPUT 1 "b"
v0x55e7da1a4b30_0 .net "a", 0 0, L_0x55e7da1ba1c0;  1 drivers
v0x55e7da1a4c10_0 .net "b", 0 0, L_0x55e7da1ba260;  1 drivers
v0x55e7da1a4cd0_0 .var "out", 0 0;
E_0x55e7da1a4ab0 .event edge, v0x55e7da1a4c10_0, v0x55e7da1a4b30_0;
S_0x55e7da1a4df0 .scope generate, "genblk1[38]" "genblk1[38]" 3 12, 3 12 0, S_0x55e7da185530;
 .timescale -9 -12;
P_0x55e7da1a4fc0 .param/l "count" 0 3 12, +C4<0100110>;
S_0x55e7da1a50b0 .scope module, "w1" "and_1bit" 3 14, 4 3 0, S_0x55e7da1a4df0;
 .timescale 0 0;
    .port_info 0 /OUTPUT 1 "out"
    .port_info 1 /INPUT 1 "a"
    .port_info 2 /INPUT 1 "b"
v0x55e7da1a5390_0 .net "a", 0 0, L_0x55e7da1ba570;  1 drivers
v0x55e7da1a5470_0 .net "b", 0 0, L_0x55e7da1ba610;  1 drivers
v0x55e7da1a5530_0 .var "out", 0 0;
E_0x55e7da1a5310 .event edge, v0x55e7da1a5470_0, v0x55e7da1a5390_0;
S_0x55e7da1a5650 .scope generate, "genblk1[39]" "genblk1[39]" 3 12, 3 12 0, S_0x55e7da185530;
 .timescale -9 -12;
P_0x55e7da1a5820 .param/l "count" 0 3 12, +C4<0100111>;
S_0x55e7da1a5910 .scope module, "w1" "and_1bit" 3 14, 4 3 0, S_0x55e7da1a5650;
 .timescale 0 0;
    .port_info 0 /OUTPUT 1 "out"
    .port_info 1 /INPUT 1 "a"
    .port_info 2 /INPUT 1 "b"
v0x55e7da1a5bf0_0 .net "a", 0 0, L_0x55e7da1ba930;  1 drivers
v0x55e7da1a5cd0_0 .net "b", 0 0, L_0x55e7da1ba9d0;  1 drivers
v0x55e7da1a5d90_0 .var "out", 0 0;
E_0x55e7da1a5b70 .event edge, v0x55e7da1a5cd0_0, v0x55e7da1a5bf0_0;
S_0x55e7da1a5eb0 .scope generate, "genblk1[40]" "genblk1[40]" 3 12, 3 12 0, S_0x55e7da185530;
 .timescale -9 -12;
P_0x55e7da1a6080 .param/l "count" 0 3 12, +C4<0101000>;
S_0x55e7da1a6170 .scope module, "w1" "and_1bit" 3 14, 4 3 0, S_0x55e7da1a5eb0;
 .timescale 0 0;
    .port_info 0 /OUTPUT 1 "out"
    .port_info 1 /INPUT 1 "a"
    .port_info 2 /INPUT 1 "b"
v0x55e7da1a6450_0 .net "a", 0 0, L_0x55e7da1bad00;  1 drivers
v0x55e7da1a6530_0 .net "b", 0 0, L_0x55e7da1bada0;  1 drivers
v0x55e7da1a65f0_0 .var "out", 0 0;
E_0x55e7da1a63d0 .event edge, v0x55e7da1a6530_0, v0x55e7da1a6450_0;
S_0x55e7da1a6710 .scope generate, "genblk1[41]" "genblk1[41]" 3 12, 3 12 0, S_0x55e7da185530;
 .timescale -9 -12;
P_0x55e7da1a68e0 .param/l "count" 0 3 12, +C4<0101001>;
S_0x55e7da1a69d0 .scope module, "w1" "and_1bit" 3 14, 4 3 0, S_0x55e7da1a6710;
 .timescale 0 0;
    .port_info 0 /OUTPUT 1 "out"
    .port_info 1 /INPUT 1 "a"
    .port_info 2 /INPUT 1 "b"
v0x55e7da1a6cb0_0 .net "a", 0 0, L_0x55e7da1bb0e0;  1 drivers
v0x55e7da1a6d90_0 .net "b", 0 0, L_0x55e7da1bb180;  1 drivers
v0x55e7da1a6e50_0 .var "out", 0 0;
E_0x55e7da1a6c30 .event edge, v0x55e7da1a6d90_0, v0x55e7da1a6cb0_0;
S_0x55e7da1a6f70 .scope generate, "genblk1[42]" "genblk1[42]" 3 12, 3 12 0, S_0x55e7da185530;
 .timescale -9 -12;
P_0x55e7da1a7140 .param/l "count" 0 3 12, +C4<0101010>;
S_0x55e7da1a7230 .scope module, "w1" "and_1bit" 3 14, 4 3 0, S_0x55e7da1a6f70;
 .timescale 0 0;
    .port_info 0 /OUTPUT 1 "out"
    .port_info 1 /INPUT 1 "a"
    .port_info 2 /INPUT 1 "b"
v0x55e7da1a7510_0 .net "a", 0 0, L_0x55e7da1bb4d0;  1 drivers
v0x55e7da1a75f0_0 .net "b", 0 0, L_0x55e7da1bb570;  1 drivers
v0x55e7da1a76b0_0 .var "out", 0 0;
E_0x55e7da1a7490 .event edge, v0x55e7da1a75f0_0, v0x55e7da1a7510_0;
S_0x55e7da1a77d0 .scope generate, "genblk1[43]" "genblk1[43]" 3 12, 3 12 0, S_0x55e7da185530;
 .timescale -9 -12;
P_0x55e7da1a79a0 .param/l "count" 0 3 12, +C4<0101011>;
S_0x55e7da1a7a90 .scope module, "w1" "and_1bit" 3 14, 4 3 0, S_0x55e7da1a77d0;
 .timescale 0 0;
    .port_info 0 /OUTPUT 1 "out"
    .port_info 1 /INPUT 1 "a"
    .port_info 2 /INPUT 1 "b"
v0x55e7da1a7d70_0 .net "a", 0 0, L_0x55e7da1bb8d0;  1 drivers
v0x55e7da1a7e50_0 .net "b", 0 0, L_0x55e7da1bb970;  1 drivers
v0x55e7da1a7f10_0 .var "out", 0 0;
E_0x55e7da1a7cf0 .event edge, v0x55e7da1a7e50_0, v0x55e7da1a7d70_0;
S_0x55e7da1a8030 .scope generate, "genblk1[44]" "genblk1[44]" 3 12, 3 12 0, S_0x55e7da185530;
 .timescale -9 -12;
P_0x55e7da1a8200 .param/l "count" 0 3 12, +C4<0101100>;
S_0x55e7da1a82f0 .scope module, "w1" "and_1bit" 3 14, 4 3 0, S_0x55e7da1a8030;
 .timescale 0 0;
    .port_info 0 /OUTPUT 1 "out"
    .port_info 1 /INPUT 1 "a"
    .port_info 2 /INPUT 1 "b"
v0x55e7da1a85d0_0 .net "a", 0 0, L_0x55e7da1bbce0;  1 drivers
v0x55e7da1a86b0_0 .net "b", 0 0, L_0x55e7da1bbd80;  1 drivers
v0x55e7da1a8770_0 .var "out", 0 0;
E_0x55e7da1a8550 .event edge, v0x55e7da1a86b0_0, v0x55e7da1a85d0_0;
S_0x55e7da1a8890 .scope generate, "genblk1[45]" "genblk1[45]" 3 12, 3 12 0, S_0x55e7da185530;
 .timescale -9 -12;
P_0x55e7da1a8a60 .param/l "count" 0 3 12, +C4<0101101>;
S_0x55e7da1a8b50 .scope module, "w1" "and_1bit" 3 14, 4 3 0, S_0x55e7da1a8890;
 .timescale 0 0;
    .port_info 0 /OUTPUT 1 "out"
    .port_info 1 /INPUT 1 "a"
    .port_info 2 /INPUT 1 "b"
v0x55e7da1a8e30_0 .net "a", 0 0, L_0x55e7da1bc130;  1 drivers
v0x55e7da1a8f10_0 .net "b", 0 0, L_0x55e7da1bc200;  1 drivers
v0x55e7da1a8fd0_0 .var "out", 0 0;
E_0x55e7da1a8db0 .event edge, v0x55e7da1a8f10_0, v0x55e7da1a8e30_0;
S_0x55e7da1a90f0 .scope generate, "genblk1[46]" "genblk1[46]" 3 12, 3 12 0, S_0x55e7da185530;
 .timescale -9 -12;
P_0x55e7da1a92c0 .param/l "count" 0 3 12, +C4<0101110>;
S_0x55e7da1a93b0 .scope module, "w1" "and_1bit" 3 14, 4 3 0, S_0x55e7da1a90f0;
 .timescale 0 0;
    .port_info 0 /OUTPUT 1 "out"
    .port_info 1 /INPUT 1 "a"
    .port_info 2 /INPUT 1 "b"
v0x55e7da1a9690_0 .net "a", 0 0, L_0x55e7da1bc5c0;  1 drivers
v0x55e7da1a9770_0 .net "b", 0 0, L_0x55e7da1bc690;  1 drivers
v0x55e7da1a9830_0 .var "out", 0 0;
E_0x55e7da1a9610 .event edge, v0x55e7da1a9770_0, v0x55e7da1a9690_0;
S_0x55e7da1a9950 .scope generate, "genblk1[47]" "genblk1[47]" 3 12, 3 12 0, S_0x55e7da185530;
 .timescale -9 -12;
P_0x55e7da1a9b20 .param/l "count" 0 3 12, +C4<0101111>;
S_0x55e7da1a9c10 .scope module, "w1" "and_1bit" 3 14, 4 3 0, S_0x55e7da1a9950;
 .timescale 0 0;
    .port_info 0 /OUTPUT 1 "out"
    .port_info 1 /INPUT 1 "a"
    .port_info 2 /INPUT 1 "b"
v0x55e7da1a9ef0_0 .net "a", 0 0, L_0x55e7da1bca60;  1 drivers
v0x55e7da1a9fd0_0 .net "b", 0 0, L_0x55e7da1bcb30;  1 drivers
v0x55e7da1aa090_0 .var "out", 0 0;
E_0x55e7da1a9e70 .event edge, v0x55e7da1a9fd0_0, v0x55e7da1a9ef0_0;
S_0x55e7da1aa1b0 .scope generate, "genblk1[48]" "genblk1[48]" 3 12, 3 12 0, S_0x55e7da185530;
 .timescale -9 -12;
P_0x55e7da1aa380 .param/l "count" 0 3 12, +C4<0110000>;
S_0x55e7da1aa470 .scope module, "w1" "and_1bit" 3 14, 4 3 0, S_0x55e7da1aa1b0;
 .timescale 0 0;
    .port_info 0 /OUTPUT 1 "out"
    .port_info 1 /INPUT 1 "a"
    .port_info 2 /INPUT 1 "b"
v0x55e7da1aa750_0 .net "a", 0 0, L_0x55e7da1bcf10;  1 drivers
v0x55e7da1aa830_0 .net "b", 0 0, L_0x55e7da1bcfe0;  1 drivers
v0x55e7da1aa8f0_0 .var "out", 0 0;
E_0x55e7da1aa6d0 .event edge, v0x55e7da1aa830_0, v0x55e7da1aa750_0;
S_0x55e7da1aaa10 .scope generate, "genblk1[49]" "genblk1[49]" 3 12, 3 12 0, S_0x55e7da185530;
 .timescale -9 -12;
P_0x55e7da1aabe0 .param/l "count" 0 3 12, +C4<0110001>;
S_0x55e7da1aacd0 .scope module, "w1" "and_1bit" 3 14, 4 3 0, S_0x55e7da1aaa10;
 .timescale 0 0;
    .port_info 0 /OUTPUT 1 "out"
    .port_info 1 /INPUT 1 "a"
    .port_info 2 /INPUT 1 "b"
v0x55e7da1aafb0_0 .net "a", 0 0, L_0x55e7da1bd3d0;  1 drivers
v0x55e7da1ab090_0 .net "b", 0 0, L_0x55e7da1bd4a0;  1 drivers
v0x55e7da1ab150_0 .var "out", 0 0;
E_0x55e7da1aaf30 .event edge, v0x55e7da1ab090_0, v0x55e7da1aafb0_0;
S_0x55e7da1ab270 .scope generate, "genblk1[50]" "genblk1[50]" 3 12, 3 12 0, S_0x55e7da185530;
 .timescale -9 -12;
P_0x55e7da1ab440 .param/l "count" 0 3 12, +C4<0110010>;
S_0x55e7da1ab530 .scope module, "w1" "and_1bit" 3 14, 4 3 0, S_0x55e7da1ab270;
 .timescale 0 0;
    .port_info 0 /OUTPUT 1 "out"
    .port_info 1 /INPUT 1 "a"
    .port_info 2 /INPUT 1 "b"
v0x55e7da1ab810_0 .net "a", 0 0, L_0x55e7da1bd8a0;  1 drivers
v0x55e7da1ab8f0_0 .net "b", 0 0, L_0x55e7da1bd970;  1 drivers
v0x55e7da1ab9b0_0 .var "out", 0 0;
E_0x55e7da1ab790 .event edge, v0x55e7da1ab8f0_0, v0x55e7da1ab810_0;
S_0x55e7da1abad0 .scope generate, "genblk1[51]" "genblk1[51]" 3 12, 3 12 0, S_0x55e7da185530;
 .timescale -9 -12;
P_0x55e7da1abca0 .param/l "count" 0 3 12, +C4<0110011>;
S_0x55e7da1abd90 .scope module, "w1" "and_1bit" 3 14, 4 3 0, S_0x55e7da1abad0;
 .timescale 0 0;
    .port_info 0 /OUTPUT 1 "out"
    .port_info 1 /INPUT 1 "a"
    .port_info 2 /INPUT 1 "b"
v0x55e7da1ac070_0 .net "a", 0 0, L_0x55e7da1bdd80;  1 drivers
v0x55e7da1ac150_0 .net "b", 0 0, L_0x55e7da1bde50;  1 drivers
v0x55e7da1ac210_0 .var "out", 0 0;
E_0x55e7da1abff0 .event edge, v0x55e7da1ac150_0, v0x55e7da1ac070_0;
S_0x55e7da1ac330 .scope generate, "genblk1[52]" "genblk1[52]" 3 12, 3 12 0, S_0x55e7da185530;
 .timescale -9 -12;
P_0x55e7da1ac500 .param/l "count" 0 3 12, +C4<0110100>;
S_0x55e7da1ac5f0 .scope module, "w1" "and_1bit" 3 14, 4 3 0, S_0x55e7da1ac330;
 .timescale 0 0;
    .port_info 0 /OUTPUT 1 "out"
    .port_info 1 /INPUT 1 "a"
    .port_info 2 /INPUT 1 "b"
v0x55e7da1ac8d0_0 .net "a", 0 0, L_0x55e7da1be270;  1 drivers
v0x55e7da1ac9b0_0 .net "b", 0 0, L_0x55e7da1be340;  1 drivers
v0x55e7da1aca70_0 .var "out", 0 0;
E_0x55e7da1ac850 .event edge, v0x55e7da1ac9b0_0, v0x55e7da1ac8d0_0;
S_0x55e7da1acb90 .scope generate, "genblk1[53]" "genblk1[53]" 3 12, 3 12 0, S_0x55e7da185530;
 .timescale -9 -12;
P_0x55e7da1acd60 .param/l "count" 0 3 12, +C4<0110101>;
S_0x55e7da1ace50 .scope module, "w1" "and_1bit" 3 14, 4 3 0, S_0x55e7da1acb90;
 .timescale 0 0;
    .port_info 0 /OUTPUT 1 "out"
    .port_info 1 /INPUT 1 "a"
    .port_info 2 /INPUT 1 "b"
v0x55e7da1ad130_0 .net "a", 0 0, L_0x55e7da1be770;  1 drivers
v0x55e7da1ad210_0 .net "b", 0 0, L_0x55e7da1be840;  1 drivers
v0x55e7da1ad2d0_0 .var "out", 0 0;
E_0x55e7da1ad0b0 .event edge, v0x55e7da1ad210_0, v0x55e7da1ad130_0;
S_0x55e7da1ad3f0 .scope generate, "genblk1[54]" "genblk1[54]" 3 12, 3 12 0, S_0x55e7da185530;
 .timescale -9 -12;
P_0x55e7da1ad5c0 .param/l "count" 0 3 12, +C4<0110110>;
S_0x55e7da1ad6b0 .scope module, "w1" "and_1bit" 3 14, 4 3 0, S_0x55e7da1ad3f0;
 .timescale 0 0;
    .port_info 0 /OUTPUT 1 "out"
    .port_info 1 /INPUT 1 "a"
    .port_info 2 /INPUT 1 "b"
v0x55e7da1ad990_0 .net "a", 0 0, L_0x55e7da1bec80;  1 drivers
v0x55e7da1ada70_0 .net "b", 0 0, L_0x55e7da1bed50;  1 drivers
v0x55e7da1adb30_0 .var "out", 0 0;
E_0x55e7da1ad910 .event edge, v0x55e7da1ada70_0, v0x55e7da1ad990_0;
S_0x55e7da1adc50 .scope generate, "genblk1[55]" "genblk1[55]" 3 12, 3 12 0, S_0x55e7da185530;
 .timescale -9 -12;
P_0x55e7da1ade20 .param/l "count" 0 3 12, +C4<0110111>;
S_0x55e7da1adf10 .scope module, "w1" "and_1bit" 3 14, 4 3 0, S_0x55e7da1adc50;
 .timescale 0 0;
    .port_info 0 /OUTPUT 1 "out"
    .port_info 1 /INPUT 1 "a"
    .port_info 2 /INPUT 1 "b"
v0x55e7da1ae1f0_0 .net "a", 0 0, L_0x55e7da1bf1a0;  1 drivers
v0x55e7da1ae2d0_0 .net "b", 0 0, L_0x55e7da1bf270;  1 drivers
v0x55e7da1ae390_0 .var "out", 0 0;
E_0x55e7da1ae170 .event edge, v0x55e7da1ae2d0_0, v0x55e7da1ae1f0_0;
S_0x55e7da1ae4b0 .scope generate, "genblk1[56]" "genblk1[56]" 3 12, 3 12 0, S_0x55e7da185530;
 .timescale -9 -12;
P_0x55e7da1ae680 .param/l "count" 0 3 12, +C4<0111000>;
S_0x55e7da1ae770 .scope module, "w1" "and_1bit" 3 14, 4 3 0, S_0x55e7da1ae4b0;
 .timescale 0 0;
    .port_info 0 /OUTPUT 1 "out"
    .port_info 1 /INPUT 1 "a"
    .port_info 2 /INPUT 1 "b"
v0x55e7da1aea50_0 .net "a", 0 0, L_0x55e7da1bf6d0;  1 drivers
v0x55e7da1aeb30_0 .net "b", 0 0, L_0x55e7da1bf7a0;  1 drivers
v0x55e7da1aebf0_0 .var "out", 0 0;
E_0x55e7da1ae9d0 .event edge, v0x55e7da1aeb30_0, v0x55e7da1aea50_0;
S_0x55e7da1aed10 .scope generate, "genblk1[57]" "genblk1[57]" 3 12, 3 12 0, S_0x55e7da185530;
 .timescale -9 -12;
P_0x55e7da1aeee0 .param/l "count" 0 3 12, +C4<0111001>;
S_0x55e7da1aefd0 .scope module, "w1" "and_1bit" 3 14, 4 3 0, S_0x55e7da1aed10;
 .timescale 0 0;
    .port_info 0 /OUTPUT 1 "out"
    .port_info 1 /INPUT 1 "a"
    .port_info 2 /INPUT 1 "b"
v0x55e7da1af2b0_0 .net "a", 0 0, L_0x55e7da1bfc10;  1 drivers
v0x55e7da1af390_0 .net "b", 0 0, L_0x55e7da1bfce0;  1 drivers
v0x55e7da1af450_0 .var "out", 0 0;
E_0x55e7da1af230 .event edge, v0x55e7da1af390_0, v0x55e7da1af2b0_0;
S_0x55e7da1af570 .scope generate, "genblk1[58]" "genblk1[58]" 3 12, 3 12 0, S_0x55e7da185530;
 .timescale -9 -12;
P_0x55e7da1af740 .param/l "count" 0 3 12, +C4<0111010>;
S_0x55e7da1af830 .scope module, "w1" "and_1bit" 3 14, 4 3 0, S_0x55e7da1af570;
 .timescale 0 0;
    .port_info 0 /OUTPUT 1 "out"
    .port_info 1 /INPUT 1 "a"
    .port_info 2 /INPUT 1 "b"
v0x55e7da1afb10_0 .net "a", 0 0, L_0x55e7da1c0160;  1 drivers
v0x55e7da1afbf0_0 .net "b", 0 0, L_0x55e7da1c0230;  1 drivers
v0x55e7da1afcb0_0 .var "out", 0 0;
E_0x55e7da1afa90 .event edge, v0x55e7da1afbf0_0, v0x55e7da1afb10_0;
S_0x55e7da1afdd0 .scope generate, "genblk1[59]" "genblk1[59]" 3 12, 3 12 0, S_0x55e7da185530;
 .timescale -9 -12;
P_0x55e7da1affa0 .param/l "count" 0 3 12, +C4<0111011>;
S_0x55e7da1b0090 .scope module, "w1" "and_1bit" 3 14, 4 3 0, S_0x55e7da1afdd0;
 .timescale 0 0;
    .port_info 0 /OUTPUT 1 "out"
    .port_info 1 /INPUT 1 "a"
    .port_info 2 /INPUT 1 "b"
v0x55e7da1b0370_0 .net "a", 0 0, L_0x55e7da1c06c0;  1 drivers
v0x55e7da1b0450_0 .net "b", 0 0, L_0x55e7da1c0790;  1 drivers
v0x55e7da1b0510_0 .var "out", 0 0;
E_0x55e7da1b02f0 .event edge, v0x55e7da1b0450_0, v0x55e7da1b0370_0;
S_0x55e7da1b0630 .scope generate, "genblk1[60]" "genblk1[60]" 3 12, 3 12 0, S_0x55e7da185530;
 .timescale -9 -12;
P_0x55e7da1b0800 .param/l "count" 0 3 12, +C4<0111100>;
S_0x55e7da1b08f0 .scope module, "w1" "and_1bit" 3 14, 4 3 0, S_0x55e7da1b0630;
 .timescale 0 0;
    .port_info 0 /OUTPUT 1 "out"
    .port_info 1 /INPUT 1 "a"
    .port_info 2 /INPUT 1 "b"
v0x55e7da1b0bd0_0 .net "a", 0 0, L_0x55e7da1c0c30;  1 drivers
v0x55e7da1b0cb0_0 .net "b", 0 0, L_0x55e7da1c0d00;  1 drivers
v0x55e7da1b0d70_0 .var "out", 0 0;
E_0x55e7da1b0b50 .event edge, v0x55e7da1b0cb0_0, v0x55e7da1b0bd0_0;
S_0x55e7da1b0e90 .scope generate, "genblk1[61]" "genblk1[61]" 3 12, 3 12 0, S_0x55e7da185530;
 .timescale -9 -12;
P_0x55e7da1b1060 .param/l "count" 0 3 12, +C4<0111101>;
S_0x55e7da1b1150 .scope module, "w1" "and_1bit" 3 14, 4 3 0, S_0x55e7da1b0e90;
 .timescale 0 0;
    .port_info 0 /OUTPUT 1 "out"
    .port_info 1 /INPUT 1 "a"
    .port_info 2 /INPUT 1 "b"
v0x55e7da1b1430_0 .net "a", 0 0, L_0x55e7da1c11b0;  1 drivers
v0x55e7da1b1510_0 .net "b", 0 0, L_0x55e7da1c1280;  1 drivers
v0x55e7da1b15d0_0 .var "out", 0 0;
E_0x55e7da1b13b0 .event edge, v0x55e7da1b1510_0, v0x55e7da1b1430_0;
S_0x55e7da1b16f0 .scope generate, "genblk1[62]" "genblk1[62]" 3 12, 3 12 0, S_0x55e7da185530;
 .timescale -9 -12;
P_0x55e7da1b18c0 .param/l "count" 0 3 12, +C4<0111110>;
S_0x55e7da1b19b0 .scope module, "w1" "and_1bit" 3 14, 4 3 0, S_0x55e7da1b16f0;
 .timescale 0 0;
    .port_info 0 /OUTPUT 1 "out"
    .port_info 1 /INPUT 1 "a"
    .port_info 2 /INPUT 1 "b"
v0x55e7da1b1c90_0 .net "a", 0 0, L_0x55e7da1c1740;  1 drivers
v0x55e7da1b1d70_0 .net "b", 0 0, L_0x55e7da1c2020;  1 drivers
v0x55e7da1b1e30_0 .var "out", 0 0;
E_0x55e7da1b1c10 .event edge, v0x55e7da1b1d70_0, v0x55e7da1b1c90_0;
S_0x55e7da1b1f50 .scope generate, "genblk1[63]" "genblk1[63]" 3 12, 3 12 0, S_0x55e7da185530;
 .timescale -9 -12;
P_0x55e7da1b2120 .param/l "count" 0 3 12, +C4<0111111>;
S_0x55e7da1b2210 .scope module, "w1" "and_1bit" 3 14, 4 3 0, S_0x55e7da1b1f50;
 .timescale 0 0;
    .port_info 0 /OUTPUT 1 "out"
    .port_info 1 /INPUT 1 "a"
    .port_info 2 /INPUT 1 "b"
v0x55e7da1b24f0_0 .net "a", 0 0, L_0x55e7da1c3370;  1 drivers
v0x55e7da1b25d0_0 .net "b", 0 0, L_0x55e7da1c3850;  1 drivers
v0x55e7da1b2690_0 .var "out", 0 0;
E_0x55e7da1b2470 .event edge, v0x55e7da1b25d0_0, v0x55e7da1b24f0_0;
    .scope S_0x55e7da184060;
T_0 ;
    %wait E_0x55e7da10bcb0;
    %load/vec4 v0x55e7da14fd70_0;
    %cmpi/e 1, 0, 1;
    %jmp/0xz  T_0.0, 4;
    %load/vec4 v0x55e7da146ca0_0;
    %cmpi/e 1, 0, 1;
    %jmp/0xz  T_0.2, 4;
    %pushi/vec4 1, 0, 1;
    %store/vec4 v0x55e7da139dc0_0, 0, 1;
    %jmp T_0.3;
T_0.2 ;
    %pushi/vec4 0, 0, 1;
    %store/vec4 v0x55e7da139dc0_0, 0, 1;
T_0.3 ;
    %jmp T_0.1;
T_0.0 ;
    %pushi/vec4 0, 0, 1;
    %store/vec4 v0x55e7da139dc0_0, 0, 1;
T_0.1 ;
    %jmp T_0;
    .thread T_0, $push;
    .scope S_0x55e7da192050;
T_1 ;
    %wait E_0x55e7da10c560;
    %load/vec4 v0x55e7da138910_0;
    %cmpi/e 1, 0, 1;
    %jmp/0xz  T_1.0, 4;
    %load/vec4 v0x55e7da137460_0;
    %cmpi/e 1, 0, 1;
    %jmp/0xz  T_1.2, 4;
    %pushi/vec4 1, 0, 1;
    %store/vec4 v0x55e7da135fb0_0, 0, 1;
    %jmp T_1.3;
T_1.2 ;
    %pushi/vec4 0, 0, 1;
    %store/vec4 v0x55e7da135fb0_0, 0, 1;
T_1.3 ;
    %jmp T_1.1;
T_1.0 ;
    %pushi/vec4 0, 0, 1;
    %store/vec4 v0x55e7da135fb0_0, 0, 1;
T_1.1 ;
    %jmp T_1;
    .thread T_1, $push;
    .scope S_0x55e7da192550;
T_2 ;
    %wait E_0x55e7da0d5910;
    %load/vec4 v0x55e7da134860_0;
    %cmpi/e 1, 0, 1;
    %jmp/0xz  T_2.0, 4;
    %load/vec4 v0x55e7da192810_0;
    %cmpi/e 1, 0, 1;
    %jmp/0xz  T_2.2, 4;
    %pushi/vec4 1, 0, 1;
    %store/vec4 v0x55e7da1928d0_0, 0, 1;
    %jmp T_2.3;
T_2.2 ;
    %pushi/vec4 0, 0, 1;
    %store/vec4 v0x55e7da1928d0_0, 0, 1;
T_2.3 ;
    %jmp T_2.1;
T_2.0 ;
    %pushi/vec4 0, 0, 1;
    %store/vec4 v0x55e7da1928d0_0, 0, 1;
T_2.1 ;
    %jmp T_2;
    .thread T_2, $push;
    .scope S_0x55e7da192ca0;
T_3 ;
    %wait E_0x55e7da0d5a20;
    %load/vec4 v0x55e7da192f20_0;
    %cmpi/e 1, 0, 1;
    %jmp/0xz  T_3.0, 4;
    %load/vec4 v0x55e7da193000_0;
    %cmpi/e 1, 0, 1;
    %jmp/0xz  T_3.2, 4;
    %pushi/vec4 1, 0, 1;
    %store/vec4 v0x55e7da1930c0_0, 0, 1;
    %jmp T_3.3;
T_3.2 ;
    %pushi/vec4 0, 0, 1;
    %store/vec4 v0x55e7da1930c0_0, 0, 1;
T_3.3 ;
    %jmp T_3.1;
T_3.0 ;
    %pushi/vec4 0, 0, 1;
    %store/vec4 v0x55e7da1930c0_0, 0, 1;
T_3.1 ;
    %jmp T_3;
    .thread T_3, $push;
    .scope S_0x55e7da1934e0;
T_4 ;
    %wait E_0x55e7da10a3f0;
    %load/vec4 v0x55e7da193760_0;
    %cmpi/e 1, 0, 1;
    %jmp/0xz  T_4.0, 4;
    %load/vec4 v0x55e7da193840_0;
    %cmpi/e 1, 0, 1;
    %jmp/0xz  T_4.2, 4;
    %pushi/vec4 1, 0, 1;
    %store/vec4 v0x55e7da193900_0, 0, 1;
    %jmp T_4.3;
T_4.2 ;
    %pushi/vec4 0, 0, 1;
    %store/vec4 v0x55e7da193900_0, 0, 1;
T_4.3 ;
    %jmp T_4.1;
T_4.0 ;
    %pushi/vec4 0, 0, 1;
    %store/vec4 v0x55e7da193900_0, 0, 1;
T_4.1 ;
    %jmp T_4;
    .thread T_4, $push;
    .scope S_0x55e7da193cd0;
T_5 ;
    %wait E_0x55e7da158e80;
    %load/vec4 v0x55e7da193f50_0;
    %cmpi/e 1, 0, 1;
    %jmp/0xz  T_5.0, 4;
    %load/vec4 v0x55e7da194030_0;
    %cmpi/e 1, 0, 1;
    %jmp/0xz  T_5.2, 4;
    %pushi/vec4 1, 0, 1;
    %store/vec4 v0x55e7da1940f0_0, 0, 1;
    %jmp T_5.3;
T_5.2 ;
    %pushi/vec4 0, 0, 1;
    %store/vec4 v0x55e7da1940f0_0, 0, 1;
T_5.3 ;
    %jmp T_5.1;
T_5.0 ;
    %pushi/vec4 0, 0, 1;
    %store/vec4 v0x55e7da1940f0_0, 0, 1;
T_5.1 ;
    %jmp T_5;
    .thread T_5, $push;
    .scope S_0x55e7da1944f0;
T_6 ;
    %wait E_0x55e7da194730;
    %load/vec4 v0x55e7da1947b0_0;
    %cmpi/e 1, 0, 1;
    %jmp/0xz  T_6.0, 4;
    %load/vec4 v0x55e7da194890_0;
    %cmpi/e 1, 0, 1;
    %jmp/0xz  T_6.2, 4;
    %pushi/vec4 1, 0, 1;
    %store/vec4 v0x55e7da194950_0, 0, 1;
    %jmp T_6.3;
T_6.2 ;
    %pushi/vec4 0, 0, 1;
    %store/vec4 v0x55e7da194950_0, 0, 1;
T_6.3 ;
    %jmp T_6.1;
T_6.0 ;
    %pushi/vec4 0, 0, 1;
    %store/vec4 v0x55e7da194950_0, 0, 1;
T_6.1 ;
    %jmp T_6;
    .thread T_6, $push;
    .scope S_0x55e7da194d50;
T_7 ;
    %wait E_0x55e7da194f90;
    %load/vec4 v0x55e7da195010_0;
    %cmpi/e 1, 0, 1;
    %jmp/0xz  T_7.0, 4;
    %load/vec4 v0x55e7da1950f0_0;
    %cmpi/e 1, 0, 1;
    %jmp/0xz  T_7.2, 4;
    %pushi/vec4 1, 0, 1;
    %store/vec4 v0x55e7da1951b0_0, 0, 1;
    %jmp T_7.3;
T_7.2 ;
    %pushi/vec4 0, 0, 1;
    %store/vec4 v0x55e7da1951b0_0, 0, 1;
T_7.3 ;
    %jmp T_7.1;
T_7.0 ;
    %pushi/vec4 0, 0, 1;
    %store/vec4 v0x55e7da1951b0_0, 0, 1;
T_7.1 ;
    %jmp T_7;
    .thread T_7, $push;
    .scope S_0x55e7da195560;
T_8 ;
    %wait E_0x55e7da1957a0;
    %load/vec4 v0x55e7da195820_0;
    %cmpi/e 1, 0, 1;
    %jmp/0xz  T_8.0, 4;
    %load/vec4 v0x55e7da195900_0;
    %cmpi/e 1, 0, 1;
    %jmp/0xz  T_8.2, 4;
    %pushi/vec4 1, 0, 1;
    %store/vec4 v0x55e7da1959c0_0, 0, 1;
    %jmp T_8.3;
T_8.2 ;
    %pushi/vec4 0, 0, 1;
    %store/vec4 v0x55e7da1959c0_0, 0, 1;
T_8.3 ;
    %jmp T_8.1;
T_8.0 ;
    %pushi/vec4 0, 0, 1;
    %store/vec4 v0x55e7da1959c0_0, 0, 1;
T_8.1 ;
    %jmp T_8;
    .thread T_8, $push;
    .scope S_0x55e7da195dc0;
T_9 ;
    %wait E_0x55e7da196000;
    %load/vec4 v0x55e7da196080_0;
    %cmpi/e 1, 0, 1;
    %jmp/0xz  T_9.0, 4;
    %load/vec4 v0x55e7da196160_0;
    %cmpi/e 1, 0, 1;
    %jmp/0xz  T_9.2, 4;
    %pushi/vec4 1, 0, 1;
    %store/vec4 v0x55e7da196220_0, 0, 1;
    %jmp T_9.3;
T_9.2 ;
    %pushi/vec4 0, 0, 1;
    %store/vec4 v0x55e7da196220_0, 0, 1;
T_9.3 ;
    %jmp T_9.1;
T_9.0 ;
    %pushi/vec4 0, 0, 1;
    %store/vec4 v0x55e7da196220_0, 0, 1;
T_9.1 ;
    %jmp T_9;
    .thread T_9, $push;
    .scope S_0x55e7da196620;
T_10 ;
    %wait E_0x55e7da196860;
    %load/vec4 v0x55e7da1968e0_0;
    %cmpi/e 1, 0, 1;
    %jmp/0xz  T_10.0, 4;
    %load/vec4 v0x55e7da1969c0_0;
    %cmpi/e 1, 0, 1;
    %jmp/0xz  T_10.2, 4;
    %pushi/vec4 1, 0, 1;
    %store/vec4 v0x55e7da196a80_0, 0, 1;
    %jmp T_10.3;
T_10.2 ;
    %pushi/vec4 0, 0, 1;
    %store/vec4 v0x55e7da196a80_0, 0, 1;
T_10.3 ;
    %jmp T_10.1;
T_10.0 ;
    %pushi/vec4 0, 0, 1;
    %store/vec4 v0x55e7da196a80_0, 0, 1;
T_10.1 ;
    %jmp T_10;
    .thread T_10, $push;
    .scope S_0x55e7da196e80;
T_11 ;
    %wait E_0x55e7da1970c0;
    %load/vec4 v0x55e7da197140_0;
    %cmpi/e 1, 0, 1;
    %jmp/0xz  T_11.0, 4;
    %load/vec4 v0x55e7da197220_0;
    %cmpi/e 1, 0, 1;
    %jmp/0xz  T_11.2, 4;
    %pushi/vec4 1, 0, 1;
    %store/vec4 v0x55e7da1972e0_0, 0, 1;
    %jmp T_11.3;
T_11.2 ;
    %pushi/vec4 0, 0, 1;
    %store/vec4 v0x55e7da1972e0_0, 0, 1;
T_11.3 ;
    %jmp T_11.1;
T_11.0 ;
    %pushi/vec4 0, 0, 1;
    %store/vec4 v0x55e7da1972e0_0, 0, 1;
T_11.1 ;
    %jmp T_11;
    .thread T_11, $push;
    .scope S_0x55e7da1976e0;
T_12 ;
    %wait E_0x55e7da197920;
    %load/vec4 v0x55e7da1979a0_0;
    %cmpi/e 1, 0, 1;
    %jmp/0xz  T_12.0, 4;
    %load/vec4 v0x55e7da197a80_0;
    %cmpi/e 1, 0, 1;
    %jmp/0xz  T_12.2, 4;
    %pushi/vec4 1, 0, 1;
    %store/vec4 v0x55e7da197b40_0, 0, 1;
    %jmp T_12.3;
T_12.2 ;
    %pushi/vec4 0, 0, 1;
    %store/vec4 v0x55e7da197b40_0, 0, 1;
T_12.3 ;
    %jmp T_12.1;
T_12.0 ;
    %pushi/vec4 0, 0, 1;
    %store/vec4 v0x55e7da197b40_0, 0, 1;
T_12.1 ;
    %jmp T_12;
    .thread T_12, $push;
    .scope S_0x55e7da197f40;
T_13 ;
    %wait E_0x55e7da198180;
    %load/vec4 v0x55e7da198200_0;
    %cmpi/e 1, 0, 1;
    %jmp/0xz  T_13.0, 4;
    %load/vec4 v0x55e7da1982e0_0;
    %cmpi/e 1, 0, 1;
    %jmp/0xz  T_13.2, 4;
    %pushi/vec4 1, 0, 1;
    %store/vec4 v0x55e7da1983a0_0, 0, 1;
    %jmp T_13.3;
T_13.2 ;
    %pushi/vec4 0, 0, 1;
    %store/vec4 v0x55e7da1983a0_0, 0, 1;
T_13.3 ;
    %jmp T_13.1;
T_13.0 ;
    %pushi/vec4 0, 0, 1;
    %store/vec4 v0x55e7da1983a0_0, 0, 1;
T_13.1 ;
    %jmp T_13;
    .thread T_13, $push;
    .scope S_0x55e7da1987a0;
T_14 ;
    %wait E_0x55e7da1989e0;
    %load/vec4 v0x55e7da198a60_0;
    %cmpi/e 1, 0, 1;
    %jmp/0xz  T_14.0, 4;
    %load/vec4 v0x55e7da198b40_0;
    %cmpi/e 1, 0, 1;
    %jmp/0xz  T_14.2, 4;
    %pushi/vec4 1, 0, 1;
    %store/vec4 v0x55e7da198c00_0, 0, 1;
    %jmp T_14.3;
T_14.2 ;
    %pushi/vec4 0, 0, 1;
    %store/vec4 v0x55e7da198c00_0, 0, 1;
T_14.3 ;
    %jmp T_14.1;
T_14.0 ;
    %pushi/vec4 0, 0, 1;
    %store/vec4 v0x55e7da198c00_0, 0, 1;
T_14.1 ;
    %jmp T_14;
    .thread T_14, $push;
    .scope S_0x55e7da199000;
T_15 ;
    %wait E_0x55e7da199240;
    %load/vec4 v0x55e7da1992c0_0;
    %cmpi/e 1, 0, 1;
    %jmp/0xz  T_15.0, 4;
    %load/vec4 v0x55e7da1993a0_0;
    %cmpi/e 1, 0, 1;
    %jmp/0xz  T_15.2, 4;
    %pushi/vec4 1, 0, 1;
    %store/vec4 v0x55e7da199460_0, 0, 1;
    %jmp T_15.3;
T_15.2 ;
    %pushi/vec4 0, 0, 1;
    %store/vec4 v0x55e7da199460_0, 0, 1;
T_15.3 ;
    %jmp T_15.1;
T_15.0 ;
    %pushi/vec4 0, 0, 1;
    %store/vec4 v0x55e7da199460_0, 0, 1;
T_15.1 ;
    %jmp T_15;
    .thread T_15, $push;
    .scope S_0x55e7da199860;
T_16 ;
    %wait E_0x55e7da199aa0;
    %load/vec4 v0x55e7da199b20_0;
    %cmpi/e 1, 0, 1;
    %jmp/0xz  T_16.0, 4;
    %load/vec4 v0x55e7da199c00_0;
    %cmpi/e 1, 0, 1;
    %jmp/0xz  T_16.2, 4;
    %pushi/vec4 1, 0, 1;
    %store/vec4 v0x55e7da199cc0_0, 0, 1;
    %jmp T_16.3;
T_16.2 ;
    %pushi/vec4 0, 0, 1;
    %store/vec4 v0x55e7da199cc0_0, 0, 1;
T_16.3 ;
    %jmp T_16.1;
T_16.0 ;
    %pushi/vec4 0, 0, 1;
    %store/vec4 v0x55e7da199cc0_0, 0, 1;
T_16.1 ;
    %jmp T_16;
    .thread T_16, $push;
    .scope S_0x55e7da19a0c0;
T_17 ;
    %wait E_0x55e7da19a300;
    %load/vec4 v0x55e7da19a380_0;
    %cmpi/e 1, 0, 1;
    %jmp/0xz  T_17.0, 4;
    %load/vec4 v0x55e7da19a460_0;
    %cmpi/e 1, 0, 1;
    %jmp/0xz  T_17.2, 4;
    %pushi/vec4 1, 0, 1;
    %store/vec4 v0x55e7da19a520_0, 0, 1;
    %jmp T_17.3;
T_17.2 ;
    %pushi/vec4 0, 0, 1;
    %store/vec4 v0x55e7da19a520_0, 0, 1;
T_17.3 ;
    %jmp T_17.1;
T_17.0 ;
    %pushi/vec4 0, 0, 1;
    %store/vec4 v0x55e7da19a520_0, 0, 1;
T_17.1 ;
    %jmp T_17;
    .thread T_17, $push;
    .scope S_0x55e7da19a920;
T_18 ;
    %wait E_0x55e7da19ab60;
    %load/vec4 v0x55e7da19abe0_0;
    %cmpi/e 1, 0, 1;
    %jmp/0xz  T_18.0, 4;
    %load/vec4 v0x55e7da19acc0_0;
    %cmpi/e 1, 0, 1;
    %jmp/0xz  T_18.2, 4;
    %pushi/vec4 1, 0, 1;
    %store/vec4 v0x55e7da19ad80_0, 0, 1;
    %jmp T_18.3;
T_18.2 ;
    %pushi/vec4 0, 0, 1;
    %store/vec4 v0x55e7da19ad80_0, 0, 1;
T_18.3 ;
    %jmp T_18.1;
T_18.0 ;
    %pushi/vec4 0, 0, 1;
    %store/vec4 v0x55e7da19ad80_0, 0, 1;
T_18.1 ;
    %jmp T_18;
    .thread T_18, $push;
    .scope S_0x55e7da19b180;
T_19 ;
    %wait E_0x55e7da19b3c0;
    %load/vec4 v0x55e7da19b440_0;
    %cmpi/e 1, 0, 1;
    %jmp/0xz  T_19.0, 4;
    %load/vec4 v0x55e7da19b520_0;
    %cmpi/e 1, 0, 1;
    %jmp/0xz  T_19.2, 4;
    %pushi/vec4 1, 0, 1;
    %store/vec4 v0x55e7da19b5e0_0, 0, 1;
    %jmp T_19.3;
T_19.2 ;
    %pushi/vec4 0, 0, 1;
    %store/vec4 v0x55e7da19b5e0_0, 0, 1;
T_19.3 ;
    %jmp T_19.1;
T_19.0 ;
    %pushi/vec4 0, 0, 1;
    %store/vec4 v0x55e7da19b5e0_0, 0, 1;
T_19.1 ;
    %jmp T_19;
    .thread T_19, $push;
    .scope S_0x55e7da19b9e0;
T_20 ;
    %wait E_0x55e7da19bc20;
    %load/vec4 v0x55e7da19bca0_0;
    %cmpi/e 1, 0, 1;
    %jmp/0xz  T_20.0, 4;
    %load/vec4 v0x55e7da19bd80_0;
    %cmpi/e 1, 0, 1;
    %jmp/0xz  T_20.2, 4;
    %pushi/vec4 1, 0, 1;
    %store/vec4 v0x55e7da19be40_0, 0, 1;
    %jmp T_20.3;
T_20.2 ;
    %pushi/vec4 0, 0, 1;
    %store/vec4 v0x55e7da19be40_0, 0, 1;
T_20.3 ;
    %jmp T_20.1;
T_20.0 ;
    %pushi/vec4 0, 0, 1;
    %store/vec4 v0x55e7da19be40_0, 0, 1;
T_20.1 ;
    %jmp T_20;
    .thread T_20, $push;
    .scope S_0x55e7da19c240;
T_21 ;
    %wait E_0x55e7da19c480;
    %load/vec4 v0x55e7da19c500_0;
    %cmpi/e 1, 0, 1;
    %jmp/0xz  T_21.0, 4;
    %load/vec4 v0x55e7da19c5e0_0;
    %cmpi/e 1, 0, 1;
    %jmp/0xz  T_21.2, 4;
    %pushi/vec4 1, 0, 1;
    %store/vec4 v0x55e7da19c6a0_0, 0, 1;
    %jmp T_21.3;
T_21.2 ;
    %pushi/vec4 0, 0, 1;
    %store/vec4 v0x55e7da19c6a0_0, 0, 1;
T_21.3 ;
    %jmp T_21.1;
T_21.0 ;
    %pushi/vec4 0, 0, 1;
    %store/vec4 v0x55e7da19c6a0_0, 0, 1;
T_21.1 ;
    %jmp T_21;
    .thread T_21, $push;
    .scope S_0x55e7da19caa0;
T_22 ;
    %wait E_0x55e7da19cce0;
    %load/vec4 v0x55e7da19cd60_0;
    %cmpi/e 1, 0, 1;
    %jmp/0xz  T_22.0, 4;
    %load/vec4 v0x55e7da19ce40_0;
    %cmpi/e 1, 0, 1;
    %jmp/0xz  T_22.2, 4;
    %pushi/vec4 1, 0, 1;
    %store/vec4 v0x55e7da19cf00_0, 0, 1;
    %jmp T_22.3;
T_22.2 ;
    %pushi/vec4 0, 0, 1;
    %store/vec4 v0x55e7da19cf00_0, 0, 1;
T_22.3 ;
    %jmp T_22.1;
T_22.0 ;
    %pushi/vec4 0, 0, 1;
    %store/vec4 v0x55e7da19cf00_0, 0, 1;
T_22.1 ;
    %jmp T_22;
    .thread T_22, $push;
    .scope S_0x55e7da19d300;
T_23 ;
    %wait E_0x55e7da19d540;
    %load/vec4 v0x55e7da19d5c0_0;
    %cmpi/e 1, 0, 1;
    %jmp/0xz  T_23.0, 4;
    %load/vec4 v0x55e7da19d6a0_0;
    %cmpi/e 1, 0, 1;
    %jmp/0xz  T_23.2, 4;
    %pushi/vec4 1, 0, 1;
    %store/vec4 v0x55e7da19d760_0, 0, 1;
    %jmp T_23.3;
T_23.2 ;
    %pushi/vec4 0, 0, 1;
    %store/vec4 v0x55e7da19d760_0, 0, 1;
T_23.3 ;
    %jmp T_23.1;
T_23.0 ;
    %pushi/vec4 0, 0, 1;
    %store/vec4 v0x55e7da19d760_0, 0, 1;
T_23.1 ;
    %jmp T_23;
    .thread T_23, $push;
    .scope S_0x55e7da19db60;
T_24 ;
    %wait E_0x55e7da19dda0;
    %load/vec4 v0x55e7da19de20_0;
    %cmpi/e 1, 0, 1;
    %jmp/0xz  T_24.0, 4;
    %load/vec4 v0x55e7da19df00_0;
    %cmpi/e 1, 0, 1;
    %jmp/0xz  T_24.2, 4;
    %pushi/vec4 1, 0, 1;
    %store/vec4 v0x55e7da19dfc0_0, 0, 1;
    %jmp T_24.3;
T_24.2 ;
    %pushi/vec4 0, 0, 1;
    %store/vec4 v0x55e7da19dfc0_0, 0, 1;
T_24.3 ;
    %jmp T_24.1;
T_24.0 ;
    %pushi/vec4 0, 0, 1;
    %store/vec4 v0x55e7da19dfc0_0, 0, 1;
T_24.1 ;
    %jmp T_24;
    .thread T_24, $push;
    .scope S_0x55e7da19e3c0;
T_25 ;
    %wait E_0x55e7da19e600;
    %load/vec4 v0x55e7da19e680_0;
    %cmpi/e 1, 0, 1;
    %jmp/0xz  T_25.0, 4;
    %load/vec4 v0x55e7da19e760_0;
    %cmpi/e 1, 0, 1;
    %jmp/0xz  T_25.2, 4;
    %pushi/vec4 1, 0, 1;
    %store/vec4 v0x55e7da19e820_0, 0, 1;
    %jmp T_25.3;
T_25.2 ;
    %pushi/vec4 0, 0, 1;
    %store/vec4 v0x55e7da19e820_0, 0, 1;
T_25.3 ;
    %jmp T_25.1;
T_25.0 ;
    %pushi/vec4 0, 0, 1;
    %store/vec4 v0x55e7da19e820_0, 0, 1;
T_25.1 ;
    %jmp T_25;
    .thread T_25, $push;
    .scope S_0x55e7da19ec20;
T_26 ;
    %wait E_0x55e7da19ee60;
    %load/vec4 v0x55e7da19eee0_0;
    %cmpi/e 1, 0, 1;
    %jmp/0xz  T_26.0, 4;
    %load/vec4 v0x55e7da19efc0_0;
    %cmpi/e 1, 0, 1;
    %jmp/0xz  T_26.2, 4;
    %pushi/vec4 1, 0, 1;
    %store/vec4 v0x55e7da19f080_0, 0, 1;
    %jmp T_26.3;
T_26.2 ;
    %pushi/vec4 0, 0, 1;
    %store/vec4 v0x55e7da19f080_0, 0, 1;
T_26.3 ;
    %jmp T_26.1;
T_26.0 ;
    %pushi/vec4 0, 0, 1;
    %store/vec4 v0x55e7da19f080_0, 0, 1;
T_26.1 ;
    %jmp T_26;
    .thread T_26, $push;
    .scope S_0x55e7da19f480;
T_27 ;
    %wait E_0x55e7da19f6c0;
    %load/vec4 v0x55e7da19f740_0;
    %cmpi/e 1, 0, 1;
    %jmp/0xz  T_27.0, 4;
    %load/vec4 v0x55e7da19f820_0;
    %cmpi/e 1, 0, 1;
    %jmp/0xz  T_27.2, 4;
    %pushi/vec4 1, 0, 1;
    %store/vec4 v0x55e7da19f8e0_0, 0, 1;
    %jmp T_27.3;
T_27.2 ;
    %pushi/vec4 0, 0, 1;
    %store/vec4 v0x55e7da19f8e0_0, 0, 1;
T_27.3 ;
    %jmp T_27.1;
T_27.0 ;
    %pushi/vec4 0, 0, 1;
    %store/vec4 v0x55e7da19f8e0_0, 0, 1;
T_27.1 ;
    %jmp T_27;
    .thread T_27, $push;
    .scope S_0x55e7da19fce0;
T_28 ;
    %wait E_0x55e7da19ff20;
    %load/vec4 v0x55e7da19ffa0_0;
    %cmpi/e 1, 0, 1;
    %jmp/0xz  T_28.0, 4;
    %load/vec4 v0x55e7da1a0080_0;
    %cmpi/e 1, 0, 1;
    %jmp/0xz  T_28.2, 4;
    %pushi/vec4 1, 0, 1;
    %store/vec4 v0x55e7da1a0140_0, 0, 1;
    %jmp T_28.3;
T_28.2 ;
    %pushi/vec4 0, 0, 1;
    %store/vec4 v0x55e7da1a0140_0, 0, 1;
T_28.3 ;
    %jmp T_28.1;
T_28.0 ;
    %pushi/vec4 0, 0, 1;
    %store/vec4 v0x55e7da1a0140_0, 0, 1;
T_28.1 ;
    %jmp T_28;
    .thread T_28, $push;
    .scope S_0x55e7da1a0540;
T_29 ;
    %wait E_0x55e7da1a0780;
    %load/vec4 v0x55e7da1a0800_0;
    %cmpi/e 1, 0, 1;
    %jmp/0xz  T_29.0, 4;
    %load/vec4 v0x55e7da1a08e0_0;
    %cmpi/e 1, 0, 1;
    %jmp/0xz  T_29.2, 4;
    %pushi/vec4 1, 0, 1;
    %store/vec4 v0x55e7da1a09a0_0, 0, 1;
    %jmp T_29.3;
T_29.2 ;
    %pushi/vec4 0, 0, 1;
    %store/vec4 v0x55e7da1a09a0_0, 0, 1;
T_29.3 ;
    %jmp T_29.1;
T_29.0 ;
    %pushi/vec4 0, 0, 1;
    %store/vec4 v0x55e7da1a09a0_0, 0, 1;
T_29.1 ;
    %jmp T_29;
    .thread T_29, $push;
    .scope S_0x55e7da1a0da0;
T_30 ;
    %wait E_0x55e7da1a0fe0;
    %load/vec4 v0x55e7da1a1060_0;
    %cmpi/e 1, 0, 1;
    %jmp/0xz  T_30.0, 4;
    %load/vec4 v0x55e7da1a1140_0;
    %cmpi/e 1, 0, 1;
    %jmp/0xz  T_30.2, 4;
    %pushi/vec4 1, 0, 1;
    %store/vec4 v0x55e7da1a1200_0, 0, 1;
    %jmp T_30.3;
T_30.2 ;
    %pushi/vec4 0, 0, 1;
    %store/vec4 v0x55e7da1a1200_0, 0, 1;
T_30.3 ;
    %jmp T_30.1;
T_30.0 ;
    %pushi/vec4 0, 0, 1;
    %store/vec4 v0x55e7da1a1200_0, 0, 1;
T_30.1 ;
    %jmp T_30;
    .thread T_30, $push;
    .scope S_0x55e7da1a1600;
T_31 ;
    %wait E_0x55e7da1a1840;
    %load/vec4 v0x55e7da1a18c0_0;
    %cmpi/e 1, 0, 1;
    %jmp/0xz  T_31.0, 4;
    %load/vec4 v0x55e7da1a19a0_0;
    %cmpi/e 1, 0, 1;
    %jmp/0xz  T_31.2, 4;
    %pushi/vec4 1, 0, 1;
    %store/vec4 v0x55e7da1a1a60_0, 0, 1;
    %jmp T_31.3;
T_31.2 ;
    %pushi/vec4 0, 0, 1;
    %store/vec4 v0x55e7da1a1a60_0, 0, 1;
T_31.3 ;
    %jmp T_31.1;
T_31.0 ;
    %pushi/vec4 0, 0, 1;
    %store/vec4 v0x55e7da1a1a60_0, 0, 1;
T_31.1 ;
    %jmp T_31;
    .thread T_31, $push;
    .scope S_0x55e7da1a1e70;
T_32 ;
    %wait E_0x55e7da1a20d0;
    %load/vec4 v0x55e7da1a2150_0;
    %cmpi/e 1, 0, 1;
    %jmp/0xz  T_32.0, 4;
    %load/vec4 v0x55e7da1a2230_0;
    %cmpi/e 1, 0, 1;
    %jmp/0xz  T_32.2, 4;
    %pushi/vec4 1, 0, 1;
    %store/vec4 v0x55e7da1a22f0_0, 0, 1;
    %jmp T_32.3;
T_32.2 ;
    %pushi/vec4 0, 0, 1;
    %store/vec4 v0x55e7da1a22f0_0, 0, 1;
T_32.3 ;
    %jmp T_32.1;
T_32.0 ;
    %pushi/vec4 0, 0, 1;
    %store/vec4 v0x55e7da1a22f0_0, 0, 1;
T_32.1 ;
    %jmp T_32;
    .thread T_32, $push;
    .scope S_0x55e7da1a26d0;
T_33 ;
    %wait E_0x55e7da1a2930;
    %load/vec4 v0x55e7da1a29b0_0;
    %cmpi/e 1, 0, 1;
    %jmp/0xz  T_33.0, 4;
    %load/vec4 v0x55e7da1a2a90_0;
    %cmpi/e 1, 0, 1;
    %jmp/0xz  T_33.2, 4;
    %pushi/vec4 1, 0, 1;
    %store/vec4 v0x55e7da1a2b50_0, 0, 1;
    %jmp T_33.3;
T_33.2 ;
    %pushi/vec4 0, 0, 1;
    %store/vec4 v0x55e7da1a2b50_0, 0, 1;
T_33.3 ;
    %jmp T_33.1;
T_33.0 ;
    %pushi/vec4 0, 0, 1;
    %store/vec4 v0x55e7da1a2b50_0, 0, 1;
T_33.1 ;
    %jmp T_33;
    .thread T_33, $push;
    .scope S_0x55e7da1a2f30;
T_34 ;
    %wait E_0x55e7da1a3190;
    %load/vec4 v0x55e7da1a3210_0;
    %cmpi/e 1, 0, 1;
    %jmp/0xz  T_34.0, 4;
    %load/vec4 v0x55e7da1a32f0_0;
    %cmpi/e 1, 0, 1;
    %jmp/0xz  T_34.2, 4;
    %pushi/vec4 1, 0, 1;
    %store/vec4 v0x55e7da1a33b0_0, 0, 1;
    %jmp T_34.3;
T_34.2 ;
    %pushi/vec4 0, 0, 1;
    %store/vec4 v0x55e7da1a33b0_0, 0, 1;
T_34.3 ;
    %jmp T_34.1;
T_34.0 ;
    %pushi/vec4 0, 0, 1;
    %store/vec4 v0x55e7da1a33b0_0, 0, 1;
T_34.1 ;
    %jmp T_34;
    .thread T_34, $push;
    .scope S_0x55e7da1a3790;
T_35 ;
    %wait E_0x55e7da1a39f0;
    %load/vec4 v0x55e7da1a3a70_0;
    %cmpi/e 1, 0, 1;
    %jmp/0xz  T_35.0, 4;
    %load/vec4 v0x55e7da1a3b50_0;
    %cmpi/e 1, 0, 1;
    %jmp/0xz  T_35.2, 4;
    %pushi/vec4 1, 0, 1;
    %store/vec4 v0x55e7da1a3c10_0, 0, 1;
    %jmp T_35.3;
T_35.2 ;
    %pushi/vec4 0, 0, 1;
    %store/vec4 v0x55e7da1a3c10_0, 0, 1;
T_35.3 ;
    %jmp T_35.1;
T_35.0 ;
    %pushi/vec4 0, 0, 1;
    %store/vec4 v0x55e7da1a3c10_0, 0, 1;
T_35.1 ;
    %jmp T_35;
    .thread T_35, $push;
    .scope S_0x55e7da1a3ff0;
T_36 ;
    %wait E_0x55e7da1a4250;
    %load/vec4 v0x55e7da1a42d0_0;
    %cmpi/e 1, 0, 1;
    %jmp/0xz  T_36.0, 4;
    %load/vec4 v0x55e7da1a43b0_0;
    %cmpi/e 1, 0, 1;
    %jmp/0xz  T_36.2, 4;
    %pushi/vec4 1, 0, 1;
    %store/vec4 v0x55e7da1a4470_0, 0, 1;
    %jmp T_36.3;
T_36.2 ;
    %pushi/vec4 0, 0, 1;
    %store/vec4 v0x55e7da1a4470_0, 0, 1;
T_36.3 ;
    %jmp T_36.1;
T_36.0 ;
    %pushi/vec4 0, 0, 1;
    %store/vec4 v0x55e7da1a4470_0, 0, 1;
T_36.1 ;
    %jmp T_36;
    .thread T_36, $push;
    .scope S_0x55e7da1a4850;
T_37 ;
    %wait E_0x55e7da1a4ab0;
    %load/vec4 v0x55e7da1a4b30_0;
    %cmpi/e 1, 0, 1;
    %jmp/0xz  T_37.0, 4;
    %load/vec4 v0x55e7da1a4c10_0;
    %cmpi/e 1, 0, 1;
    %jmp/0xz  T_37.2, 4;
    %pushi/vec4 1, 0, 1;
    %store/vec4 v0x55e7da1a4cd0_0, 0, 1;
    %jmp T_37.3;
T_37.2 ;
    %pushi/vec4 0, 0, 1;
    %store/vec4 v0x55e7da1a4cd0_0, 0, 1;
T_37.3 ;
    %jmp T_37.1;
T_37.0 ;
    %pushi/vec4 0, 0, 1;
    %store/vec4 v0x55e7da1a4cd0_0, 0, 1;
T_37.1 ;
    %jmp T_37;
    .thread T_37, $push;
    .scope S_0x55e7da1a50b0;
T_38 ;
    %wait E_0x55e7da1a5310;
    %load/vec4 v0x55e7da1a5390_0;
    %cmpi/e 1, 0, 1;
    %jmp/0xz  T_38.0, 4;
    %load/vec4 v0x55e7da1a5470_0;
    %cmpi/e 1, 0, 1;
    %jmp/0xz  T_38.2, 4;
    %pushi/vec4 1, 0, 1;
    %store/vec4 v0x55e7da1a5530_0, 0, 1;
    %jmp T_38.3;
T_38.2 ;
    %pushi/vec4 0, 0, 1;
    %store/vec4 v0x55e7da1a5530_0, 0, 1;
T_38.3 ;
    %jmp T_38.1;
T_38.0 ;
    %pushi/vec4 0, 0, 1;
    %store/vec4 v0x55e7da1a5530_0, 0, 1;
T_38.1 ;
    %jmp T_38;
    .thread T_38, $push;
    .scope S_0x55e7da1a5910;
T_39 ;
    %wait E_0x55e7da1a5b70;
    %load/vec4 v0x55e7da1a5bf0_0;
    %cmpi/e 1, 0, 1;
    %jmp/0xz  T_39.0, 4;
    %load/vec4 v0x55e7da1a5cd0_0;
    %cmpi/e 1, 0, 1;
    %jmp/0xz  T_39.2, 4;
    %pushi/vec4 1, 0, 1;
    %store/vec4 v0x55e7da1a5d90_0, 0, 1;
    %jmp T_39.3;
T_39.2 ;
    %pushi/vec4 0, 0, 1;
    %store/vec4 v0x55e7da1a5d90_0, 0, 1;
T_39.3 ;
    %jmp T_39.1;
T_39.0 ;
    %pushi/vec4 0, 0, 1;
    %store/vec4 v0x55e7da1a5d90_0, 0, 1;
T_39.1 ;
    %jmp T_39;
    .thread T_39, $push;
    .scope S_0x55e7da1a6170;
T_40 ;
    %wait E_0x55e7da1a63d0;
    %load/vec4 v0x55e7da1a6450_0;
    %cmpi/e 1, 0, 1;
    %jmp/0xz  T_40.0, 4;
    %load/vec4 v0x55e7da1a6530_0;
    %cmpi/e 1, 0, 1;
    %jmp/0xz  T_40.2, 4;
    %pushi/vec4 1, 0, 1;
    %store/vec4 v0x55e7da1a65f0_0, 0, 1;
    %jmp T_40.3;
T_40.2 ;
    %pushi/vec4 0, 0, 1;
    %store/vec4 v0x55e7da1a65f0_0, 0, 1;
T_40.3 ;
    %jmp T_40.1;
T_40.0 ;
    %pushi/vec4 0, 0, 1;
    %store/vec4 v0x55e7da1a65f0_0, 0, 1;
T_40.1 ;
    %jmp T_40;
    .thread T_40, $push;
    .scope S_0x55e7da1a69d0;
T_41 ;
    %wait E_0x55e7da1a6c30;
    %load/vec4 v0x55e7da1a6cb0_0;
    %cmpi/e 1, 0, 1;
    %jmp/0xz  T_41.0, 4;
    %load/vec4 v0x55e7da1a6d90_0;
    %cmpi/e 1, 0, 1;
    %jmp/0xz  T_41.2, 4;
    %pushi/vec4 1, 0, 1;
    %store/vec4 v0x55e7da1a6e50_0, 0, 1;
    %jmp T_41.3;
T_41.2 ;
    %pushi/vec4 0, 0, 1;
    %store/vec4 v0x55e7da1a6e50_0, 0, 1;
T_41.3 ;
    %jmp T_41.1;
T_41.0 ;
    %pushi/vec4 0, 0, 1;
    %store/vec4 v0x55e7da1a6e50_0, 0, 1;
T_41.1 ;
    %jmp T_41;
    .thread T_41, $push;
    .scope S_0x55e7da1a7230;
T_42 ;
    %wait E_0x55e7da1a7490;
    %load/vec4 v0x55e7da1a7510_0;
    %cmpi/e 1, 0, 1;
    %jmp/0xz  T_42.0, 4;
    %load/vec4 v0x55e7da1a75f0_0;
    %cmpi/e 1, 0, 1;
    %jmp/0xz  T_42.2, 4;
    %pushi/vec4 1, 0, 1;
    %store/vec4 v0x55e7da1a76b0_0, 0, 1;
    %jmp T_42.3;
T_42.2 ;
    %pushi/vec4 0, 0, 1;
    %store/vec4 v0x55e7da1a76b0_0, 0, 1;
T_42.3 ;
    %jmp T_42.1;
T_42.0 ;
    %pushi/vec4 0, 0, 1;
    %store/vec4 v0x55e7da1a76b0_0, 0, 1;
T_42.1 ;
    %jmp T_42;
    .thread T_42, $push;
    .scope S_0x55e7da1a7a90;
T_43 ;
    %wait E_0x55e7da1a7cf0;
    %load/vec4 v0x55e7da1a7d70_0;
    %cmpi/e 1, 0, 1;
    %jmp/0xz  T_43.0, 4;
    %load/vec4 v0x55e7da1a7e50_0;
    %cmpi/e 1, 0, 1;
    %jmp/0xz  T_43.2, 4;
    %pushi/vec4 1, 0, 1;
    %store/vec4 v0x55e7da1a7f10_0, 0, 1;
    %jmp T_43.3;
T_43.2 ;
    %pushi/vec4 0, 0, 1;
    %store/vec4 v0x55e7da1a7f10_0, 0, 1;
T_43.3 ;
    %jmp T_43.1;
T_43.0 ;
    %pushi/vec4 0, 0, 1;
    %store/vec4 v0x55e7da1a7f10_0, 0, 1;
T_43.1 ;
    %jmp T_43;
    .thread T_43, $push;
    .scope S_0x55e7da1a82f0;
T_44 ;
    %wait E_0x55e7da1a8550;
    %load/vec4 v0x55e7da1a85d0_0;
    %cmpi/e 1, 0, 1;
    %jmp/0xz  T_44.0, 4;
    %load/vec4 v0x55e7da1a86b0_0;
    %cmpi/e 1, 0, 1;
    %jmp/0xz  T_44.2, 4;
    %pushi/vec4 1, 0, 1;
    %store/vec4 v0x55e7da1a8770_0, 0, 1;
    %jmp T_44.3;
T_44.2 ;
    %pushi/vec4 0, 0, 1;
    %store/vec4 v0x55e7da1a8770_0, 0, 1;
T_44.3 ;
    %jmp T_44.1;
T_44.0 ;
    %pushi/vec4 0, 0, 1;
    %store/vec4 v0x55e7da1a8770_0, 0, 1;
T_44.1 ;
    %jmp T_44;
    .thread T_44, $push;
    .scope S_0x55e7da1a8b50;
T_45 ;
    %wait E_0x55e7da1a8db0;
    %load/vec4 v0x55e7da1a8e30_0;
    %cmpi/e 1, 0, 1;
    %jmp/0xz  T_45.0, 4;
    %load/vec4 v0x55e7da1a8f10_0;
    %cmpi/e 1, 0, 1;
    %jmp/0xz  T_45.2, 4;
    %pushi/vec4 1, 0, 1;
    %store/vec4 v0x55e7da1a8fd0_0, 0, 1;
    %jmp T_45.3;
T_45.2 ;
    %pushi/vec4 0, 0, 1;
    %store/vec4 v0x55e7da1a8fd0_0, 0, 1;
T_45.3 ;
    %jmp T_45.1;
T_45.0 ;
    %pushi/vec4 0, 0, 1;
    %store/vec4 v0x55e7da1a8fd0_0, 0, 1;
T_45.1 ;
    %jmp T_45;
    .thread T_45, $push;
    .scope S_0x55e7da1a93b0;
T_46 ;
    %wait E_0x55e7da1a9610;
    %load/vec4 v0x55e7da1a9690_0;
    %cmpi/e 1, 0, 1;
    %jmp/0xz  T_46.0, 4;
    %load/vec4 v0x55e7da1a9770_0;
    %cmpi/e 1, 0, 1;
    %jmp/0xz  T_46.2, 4;
    %pushi/vec4 1, 0, 1;
    %store/vec4 v0x55e7da1a9830_0, 0, 1;
    %jmp T_46.3;
T_46.2 ;
    %pushi/vec4 0, 0, 1;
    %store/vec4 v0x55e7da1a9830_0, 0, 1;
T_46.3 ;
    %jmp T_46.1;
T_46.0 ;
    %pushi/vec4 0, 0, 1;
    %store/vec4 v0x55e7da1a9830_0, 0, 1;
T_46.1 ;
    %jmp T_46;
    .thread T_46, $push;
    .scope S_0x55e7da1a9c10;
T_47 ;
    %wait E_0x55e7da1a9e70;
    %load/vec4 v0x55e7da1a9ef0_0;
    %cmpi/e 1, 0, 1;
    %jmp/0xz  T_47.0, 4;
    %load/vec4 v0x55e7da1a9fd0_0;
    %cmpi/e 1, 0, 1;
    %jmp/0xz  T_47.2, 4;
    %pushi/vec4 1, 0, 1;
    %store/vec4 v0x55e7da1aa090_0, 0, 1;
    %jmp T_47.3;
T_47.2 ;
    %pushi/vec4 0, 0, 1;
    %store/vec4 v0x55e7da1aa090_0, 0, 1;
T_47.3 ;
    %jmp T_47.1;
T_47.0 ;
    %pushi/vec4 0, 0, 1;
    %store/vec4 v0x55e7da1aa090_0, 0, 1;
T_47.1 ;
    %jmp T_47;
    .thread T_47, $push;
    .scope S_0x55e7da1aa470;
T_48 ;
    %wait E_0x55e7da1aa6d0;
    %load/vec4 v0x55e7da1aa750_0;
    %cmpi/e 1, 0, 1;
    %jmp/0xz  T_48.0, 4;
    %load/vec4 v0x55e7da1aa830_0;
    %cmpi/e 1, 0, 1;
    %jmp/0xz  T_48.2, 4;
    %pushi/vec4 1, 0, 1;
    %store/vec4 v0x55e7da1aa8f0_0, 0, 1;
    %jmp T_48.3;
T_48.2 ;
    %pushi/vec4 0, 0, 1;
    %store/vec4 v0x55e7da1aa8f0_0, 0, 1;
T_48.3 ;
    %jmp T_48.1;
T_48.0 ;
    %pushi/vec4 0, 0, 1;
    %store/vec4 v0x55e7da1aa8f0_0, 0, 1;
T_48.1 ;
    %jmp T_48;
    .thread T_48, $push;
    .scope S_0x55e7da1aacd0;
T_49 ;
    %wait E_0x55e7da1aaf30;
    %load/vec4 v0x55e7da1aafb0_0;
    %cmpi/e 1, 0, 1;
    %jmp/0xz  T_49.0, 4;
    %load/vec4 v0x55e7da1ab090_0;
    %cmpi/e 1, 0, 1;
    %jmp/0xz  T_49.2, 4;
    %pushi/vec4 1, 0, 1;
    %store/vec4 v0x55e7da1ab150_0, 0, 1;
    %jmp T_49.3;
T_49.2 ;
    %pushi/vec4 0, 0, 1;
    %store/vec4 v0x55e7da1ab150_0, 0, 1;
T_49.3 ;
    %jmp T_49.1;
T_49.0 ;
    %pushi/vec4 0, 0, 1;
    %store/vec4 v0x55e7da1ab150_0, 0, 1;
T_49.1 ;
    %jmp T_49;
    .thread T_49, $push;
    .scope S_0x55e7da1ab530;
T_50 ;
    %wait E_0x55e7da1ab790;
    %load/vec4 v0x55e7da1ab810_0;
    %cmpi/e 1, 0, 1;
    %jmp/0xz  T_50.0, 4;
    %load/vec4 v0x55e7da1ab8f0_0;
    %cmpi/e 1, 0, 1;
    %jmp/0xz  T_50.2, 4;
    %pushi/vec4 1, 0, 1;
    %store/vec4 v0x55e7da1ab9b0_0, 0, 1;
    %jmp T_50.3;
T_50.2 ;
    %pushi/vec4 0, 0, 1;
    %store/vec4 v0x55e7da1ab9b0_0, 0, 1;
T_50.3 ;
    %jmp T_50.1;
T_50.0 ;
    %pushi/vec4 0, 0, 1;
    %store/vec4 v0x55e7da1ab9b0_0, 0, 1;
T_50.1 ;
    %jmp T_50;
    .thread T_50, $push;
    .scope S_0x55e7da1abd90;
T_51 ;
    %wait E_0x55e7da1abff0;
    %load/vec4 v0x55e7da1ac070_0;
    %cmpi/e 1, 0, 1;
    %jmp/0xz  T_51.0, 4;
    %load/vec4 v0x55e7da1ac150_0;
    %cmpi/e 1, 0, 1;
    %jmp/0xz  T_51.2, 4;
    %pushi/vec4 1, 0, 1;
    %store/vec4 v0x55e7da1ac210_0, 0, 1;
    %jmp T_51.3;
T_51.2 ;
    %pushi/vec4 0, 0, 1;
    %store/vec4 v0x55e7da1ac210_0, 0, 1;
T_51.3 ;
    %jmp T_51.1;
T_51.0 ;
    %pushi/vec4 0, 0, 1;
    %store/vec4 v0x55e7da1ac210_0, 0, 1;
T_51.1 ;
    %jmp T_51;
    .thread T_51, $push;
    .scope S_0x55e7da1ac5f0;
T_52 ;
    %wait E_0x55e7da1ac850;
    %load/vec4 v0x55e7da1ac8d0_0;
    %cmpi/e 1, 0, 1;
    %jmp/0xz  T_52.0, 4;
    %load/vec4 v0x55e7da1ac9b0_0;
    %cmpi/e 1, 0, 1;
    %jmp/0xz  T_52.2, 4;
    %pushi/vec4 1, 0, 1;
    %store/vec4 v0x55e7da1aca70_0, 0, 1;
    %jmp T_52.3;
T_52.2 ;
    %pushi/vec4 0, 0, 1;
    %store/vec4 v0x55e7da1aca70_0, 0, 1;
T_52.3 ;
    %jmp T_52.1;
T_52.0 ;
    %pushi/vec4 0, 0, 1;
    %store/vec4 v0x55e7da1aca70_0, 0, 1;
T_52.1 ;
    %jmp T_52;
    .thread T_52, $push;
    .scope S_0x55e7da1ace50;
T_53 ;
    %wait E_0x55e7da1ad0b0;
    %load/vec4 v0x55e7da1ad130_0;
    %cmpi/e 1, 0, 1;
    %jmp/0xz  T_53.0, 4;
    %load/vec4 v0x55e7da1ad210_0;
    %cmpi/e 1, 0, 1;
    %jmp/0xz  T_53.2, 4;
    %pushi/vec4 1, 0, 1;
    %store/vec4 v0x55e7da1ad2d0_0, 0, 1;
    %jmp T_53.3;
T_53.2 ;
    %pushi/vec4 0, 0, 1;
    %store/vec4 v0x55e7da1ad2d0_0, 0, 1;
T_53.3 ;
    %jmp T_53.1;
T_53.0 ;
    %pushi/vec4 0, 0, 1;
    %store/vec4 v0x55e7da1ad2d0_0, 0, 1;
T_53.1 ;
    %jmp T_53;
    .thread T_53, $push;
    .scope S_0x55e7da1ad6b0;
T_54 ;
    %wait E_0x55e7da1ad910;
    %load/vec4 v0x55e7da1ad990_0;
    %cmpi/e 1, 0, 1;
    %jmp/0xz  T_54.0, 4;
    %load/vec4 v0x55e7da1ada70_0;
    %cmpi/e 1, 0, 1;
    %jmp/0xz  T_54.2, 4;
    %pushi/vec4 1, 0, 1;
    %store/vec4 v0x55e7da1adb30_0, 0, 1;
    %jmp T_54.3;
T_54.2 ;
    %pushi/vec4 0, 0, 1;
    %store/vec4 v0x55e7da1adb30_0, 0, 1;
T_54.3 ;
    %jmp T_54.1;
T_54.0 ;
    %pushi/vec4 0, 0, 1;
    %store/vec4 v0x55e7da1adb30_0, 0, 1;
T_54.1 ;
    %jmp T_54;
    .thread T_54, $push;
    .scope S_0x55e7da1adf10;
T_55 ;
    %wait E_0x55e7da1ae170;
    %load/vec4 v0x55e7da1ae1f0_0;
    %cmpi/e 1, 0, 1;
    %jmp/0xz  T_55.0, 4;
    %load/vec4 v0x55e7da1ae2d0_0;
    %cmpi/e 1, 0, 1;
    %jmp/0xz  T_55.2, 4;
    %pushi/vec4 1, 0, 1;
    %store/vec4 v0x55e7da1ae390_0, 0, 1;
    %jmp T_55.3;
T_55.2 ;
    %pushi/vec4 0, 0, 1;
    %store/vec4 v0x55e7da1ae390_0, 0, 1;
T_55.3 ;
    %jmp T_55.1;
T_55.0 ;
    %pushi/vec4 0, 0, 1;
    %store/vec4 v0x55e7da1ae390_0, 0, 1;
T_55.1 ;
    %jmp T_55;
    .thread T_55, $push;
    .scope S_0x55e7da1ae770;
T_56 ;
    %wait E_0x55e7da1ae9d0;
    %load/vec4 v0x55e7da1aea50_0;
    %cmpi/e 1, 0, 1;
    %jmp/0xz  T_56.0, 4;
    %load/vec4 v0x55e7da1aeb30_0;
    %cmpi/e 1, 0, 1;
    %jmp/0xz  T_56.2, 4;
    %pushi/vec4 1, 0, 1;
    %store/vec4 v0x55e7da1aebf0_0, 0, 1;
    %jmp T_56.3;
T_56.2 ;
    %pushi/vec4 0, 0, 1;
    %store/vec4 v0x55e7da1aebf0_0, 0, 1;
T_56.3 ;
    %jmp T_56.1;
T_56.0 ;
    %pushi/vec4 0, 0, 1;
    %store/vec4 v0x55e7da1aebf0_0, 0, 1;
T_56.1 ;
    %jmp T_56;
    .thread T_56, $push;
    .scope S_0x55e7da1aefd0;
T_57 ;
    %wait E_0x55e7da1af230;
    %load/vec4 v0x55e7da1af2b0_0;
    %cmpi/e 1, 0, 1;
    %jmp/0xz  T_57.0, 4;
    %load/vec4 v0x55e7da1af390_0;
    %cmpi/e 1, 0, 1;
    %jmp/0xz  T_57.2, 4;
    %pushi/vec4 1, 0, 1;
    %store/vec4 v0x55e7da1af450_0, 0, 1;
    %jmp T_57.3;
T_57.2 ;
    %pushi/vec4 0, 0, 1;
    %store/vec4 v0x55e7da1af450_0, 0, 1;
T_57.3 ;
    %jmp T_57.1;
T_57.0 ;
    %pushi/vec4 0, 0, 1;
    %store/vec4 v0x55e7da1af450_0, 0, 1;
T_57.1 ;
    %jmp T_57;
    .thread T_57, $push;
    .scope S_0x55e7da1af830;
T_58 ;
    %wait E_0x55e7da1afa90;
    %load/vec4 v0x55e7da1afb10_0;
    %cmpi/e 1, 0, 1;
    %jmp/0xz  T_58.0, 4;
    %load/vec4 v0x55e7da1afbf0_0;
    %cmpi/e 1, 0, 1;
    %jmp/0xz  T_58.2, 4;
    %pushi/vec4 1, 0, 1;
    %store/vec4 v0x55e7da1afcb0_0, 0, 1;
    %jmp T_58.3;
T_58.2 ;
    %pushi/vec4 0, 0, 1;
    %store/vec4 v0x55e7da1afcb0_0, 0, 1;
T_58.3 ;
    %jmp T_58.1;
T_58.0 ;
    %pushi/vec4 0, 0, 1;
    %store/vec4 v0x55e7da1afcb0_0, 0, 1;
T_58.1 ;
    %jmp T_58;
    .thread T_58, $push;
    .scope S_0x55e7da1b0090;
T_59 ;
    %wait E_0x55e7da1b02f0;
    %load/vec4 v0x55e7da1b0370_0;
    %cmpi/e 1, 0, 1;
    %jmp/0xz  T_59.0, 4;
    %load/vec4 v0x55e7da1b0450_0;
    %cmpi/e 1, 0, 1;
    %jmp/0xz  T_59.2, 4;
    %pushi/vec4 1, 0, 1;
    %store/vec4 v0x55e7da1b0510_0, 0, 1;
    %jmp T_59.3;
T_59.2 ;
    %pushi/vec4 0, 0, 1;
    %store/vec4 v0x55e7da1b0510_0, 0, 1;
T_59.3 ;
    %jmp T_59.1;
T_59.0 ;
    %pushi/vec4 0, 0, 1;
    %store/vec4 v0x55e7da1b0510_0, 0, 1;
T_59.1 ;
    %jmp T_59;
    .thread T_59, $push;
    .scope S_0x55e7da1b08f0;
T_60 ;
    %wait E_0x55e7da1b0b50;
    %load/vec4 v0x55e7da1b0bd0_0;
    %cmpi/e 1, 0, 1;
    %jmp/0xz  T_60.0, 4;
    %load/vec4 v0x55e7da1b0cb0_0;
    %cmpi/e 1, 0, 1;
    %jmp/0xz  T_60.2, 4;
    %pushi/vec4 1, 0, 1;
    %store/vec4 v0x55e7da1b0d70_0, 0, 1;
    %jmp T_60.3;
T_60.2 ;
    %pushi/vec4 0, 0, 1;
    %store/vec4 v0x55e7da1b0d70_0, 0, 1;
T_60.3 ;
    %jmp T_60.1;
T_60.0 ;
    %pushi/vec4 0, 0, 1;
    %store/vec4 v0x55e7da1b0d70_0, 0, 1;
T_60.1 ;
    %jmp T_60;
    .thread T_60, $push;
    .scope S_0x55e7da1b1150;
T_61 ;
    %wait E_0x55e7da1b13b0;
    %load/vec4 v0x55e7da1b1430_0;
    %cmpi/e 1, 0, 1;
    %jmp/0xz  T_61.0, 4;
    %load/vec4 v0x55e7da1b1510_0;
    %cmpi/e 1, 0, 1;
    %jmp/0xz  T_61.2, 4;
    %pushi/vec4 1, 0, 1;
    %store/vec4 v0x55e7da1b15d0_0, 0, 1;
    %jmp T_61.3;
T_61.2 ;
    %pushi/vec4 0, 0, 1;
    %store/vec4 v0x55e7da1b15d0_0, 0, 1;
T_61.3 ;
    %jmp T_61.1;
T_61.0 ;
    %pushi/vec4 0, 0, 1;
    %store/vec4 v0x55e7da1b15d0_0, 0, 1;
T_61.1 ;
    %jmp T_61;
    .thread T_61, $push;
    .scope S_0x55e7da1b19b0;
T_62 ;
    %wait E_0x55e7da1b1c10;
    %load/vec4 v0x55e7da1b1c90_0;
    %cmpi/e 1, 0, 1;
    %jmp/0xz  T_62.0, 4;
    %load/vec4 v0x55e7da1b1d70_0;
    %cmpi/e 1, 0, 1;
    %jmp/0xz  T_62.2, 4;
    %pushi/vec4 1, 0, 1;
    %store/vec4 v0x55e7da1b1e30_0, 0, 1;
    %jmp T_62.3;
T_62.2 ;
    %pushi/vec4 0, 0, 1;
    %store/vec4 v0x55e7da1b1e30_0, 0, 1;
T_62.3 ;
    %jmp T_62.1;
T_62.0 ;
    %pushi/vec4 0, 0, 1;
    %store/vec4 v0x55e7da1b1e30_0, 0, 1;
T_62.1 ;
    %jmp T_62;
    .thread T_62, $push;
    .scope S_0x55e7da1b2210;
T_63 ;
    %wait E_0x55e7da1b2470;
    %load/vec4 v0x55e7da1b24f0_0;
    %cmpi/e 1, 0, 1;
    %jmp/0xz  T_63.0, 4;
    %load/vec4 v0x55e7da1b25d0_0;
    %cmpi/e 1, 0, 1;
    %jmp/0xz  T_63.2, 4;
    %pushi/vec4 1, 0, 1;
    %store/vec4 v0x55e7da1b2690_0, 0, 1;
    %jmp T_63.3;
T_63.2 ;
    %pushi/vec4 0, 0, 1;
    %store/vec4 v0x55e7da1b2690_0, 0, 1;
T_63.3 ;
    %jmp T_63.1;
T_63.0 ;
    %pushi/vec4 0, 0, 1;
    %store/vec4 v0x55e7da1b2690_0, 0, 1;
T_63.1 ;
    %jmp T_63;
    .thread T_63, $push;
    .scope S_0x55e7da1858d0;
T_64 ;
    %vpi_call 2 14 "$dumpfile", "and_64bit.vcd" {0 0 0};
    %vpi_call 2 15 "$dumpvars", 32'sb00000000000000000000000000000000, S_0x55e7da1858d0 {0 0 0};
    %pushi/vec4 0, 0, 64;
    %store/vec4 v0x55e7da1b2ae0_0, 0, 64;
    %pushi/vec4 0, 0, 64;
    %store/vec4 v0x55e7da1b2bd0_0, 0, 64;
    %end;
    .thread T_64;
    .scope S_0x55e7da1858d0;
T_65 ;
    %vpi_call 2 20 "$monitor", "a=%d,b=%d, out = %d \012", v0x55e7da1b2ae0_0, v0x55e7da1b2bd0_0, v0x55e7da1b2ca0_0 {0 0 0};
    %delay 10000, 0;
    %pushi/vec4 4294967295, 0, 33;
    %concati/vec4 2147483647, 0, 31;
    %store/vec4 v0x55e7da1b2ae0_0, 0, 64;
    %pushi/vec4 2, 0, 64;
    %store/vec4 v0x55e7da1b2bd0_0, 0, 64;
    %delay 10000, 0;
    %pushi/vec4 1, 0, 64;
    %store/vec4 v0x55e7da1b2ae0_0, 0, 64;
    %pushi/vec4 2, 0, 64;
    %store/vec4 v0x55e7da1b2bd0_0, 0, 64;
    %delay 10000, 0;
    %pushi/vec4 3, 0, 64;
    %store/vec4 v0x55e7da1b2ae0_0, 0, 64;
    %pushi/vec4 7, 0, 64;
    %store/vec4 v0x55e7da1b2bd0_0, 0, 64;
    %end;
    .thread T_65;
# The file index is used to find the file name in the following table.
:file_names 5;
    "N/A";
    "<interactive>";
    "and_64bit_tb.v";
    "./and_64bit.v";
    "./and_1bit.v";
